{"C:\\Users\\ricar\\accountability-backend\\src\\app.ts": {"path":"C:\\Users\\ricar\\accountability-backend\\src\\app.ts","statementMap":{"0":{"start":{"line":12,"column":6},"end":{"line":12,"column":null}},"1":{"start":{"line":14,"column":0},"end":{"line":14,"column":null}},"2":{"start":{"line":16,"column":0},"end":{"line":16,"column":null}},"3":{"start":{"line":18,"column":0},"end":{"line":18,"column":null}},"4":{"start":{"line":21,"column":0},"end":{"line":21,"column":null}},"5":{"start":{"line":23,"column":0},"end":{"line":23,"column":null}},"6":{"start":{"line":25,"column":0},"end":{"line":25,"column":null}},"7":{"start":{"line":27,"column":0},"end":{"line":27,"column":null}},"8":{"start":{"line":29,"column":0},"end":{"line":29,"column":null}},"9":{"start":{"line":31,"column":0},"end":{"line":31,"column":null}}},"fnMap":{},"branchMap":{},"s":{"0":0,"1":0,"2":0,"3":0,"4":0,"5":0,"6":0,"7":0,"8":0,"9":0},"f":{},"b":{},"meta":{"lastBranch":0,"lastFunction":0,"lastStatement":10,"seen":{"s:12:6:12:Infinity":0,"s:14:0:14:Infinity":1,"s:16:0:16:Infinity":2,"s:18:0:18:Infinity":3,"s:21:0:21:Infinity":4,"s:23:0:23:Infinity":5,"s:25:0:25:Infinity":6,"s:27:0:27:Infinity":7,"s:29:0:29:Infinity":8,"s:31:0:31:Infinity":9}}}
,"C:\\Users\\ricar\\accountability-backend\\src\\swagger.ts": {"path":"C:\\Users\\ricar\\accountability-backend\\src\\swagger.ts","statementMap":{"0":{"start":{"line":3,"column":16},"end":{"line":25,"column":null}}},"fnMap":{},"branchMap":{},"s":{"0":1},"f":{},"b":{},"meta":{"lastBranch":0,"lastFunction":0,"lastStatement":1,"seen":{"s:3:16:25:Infinity":0}}}
,"C:\\Users\\ricar\\accountability-backend\\src\\config\\env.ts": {"path":"C:\\Users\\ricar\\accountability-backend\\src\\config\\env.ts","statementMap":{"0":{"start":{"line":4,"column":0},"end":{"line":4,"column":null}},"1":{"start":{"line":6,"column":18},"end":{"line":12,"column":null}},"2":{"start":{"line":14,"column":22},"end":{"line":14,"column":null}}},"fnMap":{},"branchMap":{},"s":{"0":1,"1":1,"2":1},"f":{},"b":{},"meta":{"lastBranch":0,"lastFunction":0,"lastStatement":3,"seen":{"s:4:0:4:Infinity":0,"s:6:18:12:Infinity":1,"s:14:22:14:Infinity":2}}}
,"C:\\Users\\ricar\\accountability-backend\\src\\core\\errors\\AppError.ts": {"path":"C:\\Users\\ricar\\accountability-backend\\src\\core\\errors\\AppError.ts","statementMap":{"0":{"start":{"line":10,"column":8},"end":{"line":10,"column":null}},"1":{"start":{"line":12,"column":8},"end":{"line":12,"column":null}},"2":{"start":{"line":13,"column":8},"end":{"line":13,"column":null}},"3":{"start":{"line":15,"column":8},"end":{"line":15,"column":null}}},"fnMap":{"0":{"name":"(anonymous_0)","decl":{"start":{"line":5,"column":4},"end":{"line":5,"column":null}},"loc":{"start":{"line":9,"column":5},"end":{"line":16,"column":null}},"line":9}},"branchMap":{"0":{"loc":{"start":{"line":8,"column":8},"end":{"line":8,"column":null}},"type":"default-arg","locations":[{"start":{"line":8,"column":21},"end":{"line":8,"column":null}}],"line":8}},"s":{"0":0,"1":0,"2":0,"3":0},"f":{"0":0},"b":{"0":[0]},"meta":{"lastBranch":1,"lastFunction":1,"lastStatement":4,"seen":{"f:5:4:5:Infinity":0,"b:8:21:8:Infinity":0,"s:10:8:10:Infinity":0,"s:12:8:12:Infinity":1,"s:13:8:13:Infinity":2,"s:15:8:15:Infinity":3}}}
,"C:\\Users\\ricar\\accountability-backend\\src\\core\\http\\health.routes.ts": {"path":"C:\\Users\\ricar\\accountability-backend\\src\\core\\http\\health.routes.ts","statementMap":{"0":{"start":{"line":4,"column":6},"end":{"line":4,"column":null}},"1":{"start":{"line":6,"column":0},"end":{"line":17,"column":null}},"2":{"start":{"line":7,"column":2},"end":{"line":16,"column":null}},"3":{"start":{"line":8,"column":4},"end":{"line":8,"column":null}},"4":{"start":{"line":10,"column":4},"end":{"line":13,"column":null}},"5":{"start":{"line":15,"column":4},"end":{"line":15,"column":null}}},"fnMap":{"0":{"name":"(anonymous_0)","decl":{"start":{"line":6,"column":22},"end":{"line":6,"column":29}},"loc":{"start":{"line":6,"column":48},"end":{"line":17,"column":1}},"line":6}},"branchMap":{},"s":{"0":1,"1":1,"2":0,"3":0,"4":0,"5":0},"f":{"0":0},"b":{},"meta":{"lastBranch":0,"lastFunction":1,"lastStatement":6,"seen":{"s:4:6:4:Infinity":0,"s:6:0:17:Infinity":1,"f:6:22:6:29":0,"s:7:2:16:Infinity":2,"s:8:4:8:Infinity":3,"s:10:4:13:Infinity":4,"s:15:4:15:Infinity":5}}}
,"C:\\Users\\ricar\\accountability-backend\\src\\core\\tests\\routes.ts": {"path":"C:\\Users\\ricar\\accountability-backend\\src\\core\\tests\\routes.ts","statementMap":{"0":{"start":{"line":11,"column":6},"end":{"line":11,"column":null}},"1":{"start":{"line":14,"column":0},"end":{"line":16,"column":null}},"2":{"start":{"line":15,"column":2},"end":{"line":15,"column":null}},"3":{"start":{"line":18,"column":0},"end":{"line":48,"column":null}},"4":{"start":{"line":19,"column":2},"end":{"line":21,"column":null}},"5":{"start":{"line":20,"column":4},"end":{"line":20,"column":null}},"6":{"start":{"line":23,"column":2},"end":{"line":27,"column":null}},"7":{"start":{"line":24,"column":4},"end":{"line":26,"column":null}},"8":{"start":{"line":29,"column":2},"end":{"line":31,"column":null}},"9":{"start":{"line":30,"column":4},"end":{"line":30,"column":null}},"10":{"start":{"line":33,"column":2},"end":{"line":40,"column":null}},"11":{"start":{"line":34,"column":19},"end":{"line":34,"column":null}},"12":{"start":{"line":35,"column":4},"end":{"line":39,"column":null}},"13":{"start":{"line":36,"column":6},"end":{"line":36,"column":null}},"14":{"start":{"line":38,"column":6},"end":{"line":38,"column":null}},"15":{"start":{"line":42,"column":2},"end":{"line":47,"column":null}}},"fnMap":{"0":{"name":"(anonymous_0)","decl":{"start":{"line":14,"column":57},"end":{"line":14,"column":58}},"loc":{"start":{"line":14,"column":72},"end":{"line":16,"column":1}},"line":14},"1":{"name":"(anonymous_1)","decl":{"start":{"line":18,"column":27},"end":{"line":18,"column":28}},"loc":{"start":{"line":18,"column":47},"end":{"line":48,"column":1}},"line":18}},"branchMap":{"0":{"loc":{"start":{"line":19,"column":2},"end":{"line":21,"column":null}},"type":"if","locations":[{"start":{"line":19,"column":2},"end":{"line":21,"column":null}},{"start":{},"end":{}}],"line":19},"1":{"loc":{"start":{"line":19,"column":6},"end":{"line":19,"column":47}},"type":"binary-expr","locations":[{"start":{"line":19,"column":6},"end":{"line":19,"column":18}},{"start":{"line":19,"column":18},"end":{"line":19,"column":47}}],"line":19},"2":{"loc":{"start":{"line":23,"column":2},"end":{"line":27,"column":null}},"type":"if","locations":[{"start":{"line":23,"column":2},"end":{"line":27,"column":null}},{"start":{},"end":{}}],"line":23},"3":{"loc":{"start":{"line":23,"column":6},"end":{"line":23,"column":48}},"type":"binary-expr","locations":[{"start":{"line":23,"column":6},"end":{"line":23,"column":18}},{"start":{"line":23,"column":18},"end":{"line":23,"column":48}}],"line":23},"4":{"loc":{"start":{"line":29,"column":2},"end":{"line":31,"column":null}},"type":"if","locations":[{"start":{"line":29,"column":2},"end":{"line":31,"column":null}},{"start":{},"end":{}}],"line":29},"5":{"loc":{"start":{"line":29,"column":6},"end":{"line":29,"column":45}},"type":"binary-expr","locations":[{"start":{"line":29,"column":6},"end":{"line":29,"column":18}},{"start":{"line":29,"column":18},"end":{"line":29,"column":45}}],"line":29},"6":{"loc":{"start":{"line":33,"column":2},"end":{"line":40,"column":null}},"type":"if","locations":[{"start":{"line":33,"column":2},"end":{"line":40,"column":null}},{"start":{},"end":{}}],"line":33}},"s":{"0":1,"1":1,"2":0,"3":1,"4":0,"5":0,"6":0,"7":0,"8":0,"9":0,"10":0,"11":0,"12":0,"13":0,"14":0,"15":0},"f":{"0":0,"1":0},"b":{"0":[0,0],"1":[0,0],"2":[0,0],"3":[0,0],"4":[0,0],"5":[0,0],"6":[0,0]},"meta":{"lastBranch":7,"lastFunction":2,"lastStatement":16,"seen":{"s:11:6:11:Infinity":0,"s:14:0:16:Infinity":1,"f:14:57:14:58":0,"s:15:2:15:Infinity":2,"s:18:0:48:Infinity":3,"f:18:27:18:28":1,"b:19:2:21:Infinity:undefined:undefined:undefined:undefined":0,"s:19:2:21:Infinity":4,"b:19:6:19:18:19:18:19:47":1,"s:20:4:20:Infinity":5,"b:23:2:27:Infinity:undefined:undefined:undefined:undefined":2,"s:23:2:27:Infinity":6,"b:23:6:23:18:23:18:23:48":3,"s:24:4:26:Infinity":7,"b:29:2:31:Infinity:undefined:undefined:undefined:undefined":4,"s:29:2:31:Infinity":8,"b:29:6:29:18:29:18:29:45":5,"s:30:4:30:Infinity":9,"b:33:2:40:Infinity:undefined:undefined:undefined:undefined":6,"s:33:2:40:Infinity":10,"s:34:19:34:Infinity":11,"s:35:4:39:Infinity":12,"s:36:6:36:Infinity":13,"s:38:6:38:Infinity":14,"s:42:2:47:Infinity":15}}}
,"C:\\Users\\ricar\\accountability-backend\\src\\lib\\prisma.ts": {"path":"C:\\Users\\ricar\\accountability-backend\\src\\lib\\prisma.ts","statementMap":{"0":{"start":{"line":6,"column":13},"end":{"line":8,"column":null}},"1":{"start":{"line":10,"column":16},"end":{"line":10,"column":null}},"2":{"start":{"line":12,"column":22},"end":{"line":18,"column":null}}},"fnMap":{},"branchMap":{"0":{"loc":{"start":{"line":15,"column":4},"end":{"line":17,"column":null}},"type":"cond-expr","locations":[{"start":{"line":16,"column":8},"end":{"line":16,"column":null}},{"start":{"line":17,"column":8},"end":{"line":17,"column":null}}],"line":15}},"s":{"0":1,"1":1,"2":1},"f":{},"b":{"0":[0,1]},"meta":{"lastBranch":1,"lastFunction":0,"lastStatement":3,"seen":{"s:6:13:8:Infinity":0,"s:10:16:10:Infinity":1,"s:12:22:18:Infinity":2,"b:16:8:16:Infinity:17:8:17:Infinity":0}}}
,"C:\\Users\\ricar\\accountability-backend\\src\\lib\\supabase.ts": {"path":"C:\\Users\\ricar\\accountability-backend\\src\\lib\\supabase.ts","statementMap":{"0":{"start":{"line":4,"column":13},"end":{"line":4,"column":null}}},"fnMap":{},"branchMap":{},"s":{"0":1},"f":{},"b":{},"meta":{"lastBranch":0,"lastFunction":0,"lastStatement":1,"seen":{"s:4:13:4:Infinity":0}}}
,"C:\\Users\\ricar\\accountability-backend\\src\\middlewares\\errorHandler.ts": {"path":"C:\\Users\\ricar\\accountability-backend\\src\\middlewares\\errorHandler.ts","statementMap":{"0":{"start":{"line":12,"column":4},"end":{"line":19,"column":null}},"1":{"start":{"line":13,"column":8},"end":{"line":18,"column":null}},"2":{"start":{"line":21,"column":4},"end":{"line":33,"column":null}},"3":{"start":{"line":22,"column":8},"end":{"line":32,"column":null}},"4":{"start":{"line":27,"column":50},"end":{"line":30,"column":18}},"5":{"start":{"line":35,"column":4},"end":{"line":35,"column":null}},"6":{"start":{"line":37,"column":4},"end":{"line":42,"column":null}}},"fnMap":{"0":{"name":"errorHandler","decl":{"start":{"line":6,"column":16},"end":{"line":6,"column":null}},"loc":{"start":{"line":11,"column":2},"end":{"line":44,"column":null}},"line":11},"1":{"name":"(anonymous_1)","decl":{"start":{"line":27,"column":40},"end":{"line":27,"column":50}},"loc":{"start":{"line":27,"column":50},"end":{"line":30,"column":18}},"line":27}},"branchMap":{"0":{"loc":{"start":{"line":12,"column":4},"end":{"line":19,"column":null}},"type":"if","locations":[{"start":{"line":12,"column":4},"end":{"line":19,"column":null}},{"start":{},"end":{}}],"line":12},"1":{"loc":{"start":{"line":21,"column":4},"end":{"line":33,"column":null}},"type":"if","locations":[{"start":{"line":21,"column":4},"end":{"line":33,"column":null}},{"start":{},"end":{}}],"line":21}},"s":{"0":0,"1":0,"2":0,"3":0,"4":0,"5":0,"6":0},"f":{"0":0,"1":0},"b":{"0":[0,0],"1":[0,0]},"meta":{"lastBranch":2,"lastFunction":2,"lastStatement":7,"seen":{"f:6:16:6:Infinity":0,"b:12:4:19:Infinity:undefined:undefined:undefined:undefined":0,"s:12:4:19:Infinity":0,"s:13:8:18:Infinity":1,"b:21:4:33:Infinity:undefined:undefined:undefined:undefined":1,"s:21:4:33:Infinity":2,"s:22:8:32:Infinity":3,"f:27:40:27:50":1,"s:27:50:30:18":4,"s:35:4:35:Infinity":5,"s:37:4:42:Infinity":6}}}
,"C:\\Users\\ricar\\accountability-backend\\src\\middlewares\\generalRateLimit.ts": {"path":"C:\\Users\\ricar\\accountability-backend\\src\\middlewares\\generalRateLimit.ts","statementMap":{"0":{"start":{"line":4,"column":13},"end":{"line":16,"column":null}},"1":{"start":{"line":10,"column":4},"end":{"line":14,"column":null}}},"fnMap":{"0":{"name":"(anonymous_0)","decl":{"start":{"line":9,"column":11},"end":{"line":9,"column":12}},"loc":{"start":{"line":9,"column":34},"end":{"line":15,"column":null}},"line":9}},"branchMap":{},"s":{"0":1,"1":0},"f":{"0":0},"b":{},"meta":{"lastBranch":0,"lastFunction":1,"lastStatement":2,"seen":{"s:4:13:16:Infinity":0,"f:9:11:9:12":0,"s:10:4:14:Infinity":1}}}
,"C:\\Users\\ricar\\accountability-backend\\src\\middlewares\\validateRequest.ts": {"path":"C:\\Users\\ricar\\accountability-backend\\src\\middlewares\\validateRequest.ts","statementMap":{"0":{"start":{"line":5,"column":4},"end":{"line":30,"column":null}},"1":{"start":{"line":6,"column":23},"end":{"line":10,"column":null}},"2":{"start":{"line":12,"column":8},"end":{"line":14,"column":null}},"3":{"start":{"line":13,"column":12},"end":{"line":13,"column":null}},"4":{"start":{"line":16,"column":21},"end":{"line":16,"column":null}},"5":{"start":{"line":22,"column":8},"end":{"line":22,"column":null}},"6":{"start":{"line":23,"column":8},"end":{"line":23,"column":null}},"7":{"start":{"line":24,"column":8},"end":{"line":27,"column":null}},"8":{"start":{"line":29,"column":8},"end":{"line":29,"column":null}}},"fnMap":{"0":{"name":"validateRequest","decl":{"start":{"line":4,"column":16},"end":{"line":4,"column":32}},"loc":{"start":{"line":4,"column":51},"end":{"line":31,"column":null}},"line":4},"1":{"name":"(anonymous_1)","decl":{"start":{"line":5,"column":11},"end":{"line":5,"column":12}},"loc":{"start":{"line":5,"column":64},"end":{"line":30,"column":null}},"line":5}},"branchMap":{"0":{"loc":{"start":{"line":12,"column":8},"end":{"line":14,"column":null}},"type":"if","locations":[{"start":{"line":12,"column":8},"end":{"line":14,"column":null}},{"start":{},"end":{}}],"line":12}},"s":{"0":5,"1":0,"2":0,"3":0,"4":0,"5":0,"6":0,"7":0,"8":0},"f":{"0":5,"1":0},"b":{"0":[0,0]},"meta":{"lastBranch":1,"lastFunction":2,"lastStatement":9,"seen":{"f:4:16:4:32":0,"s:5:4:30:Infinity":0,"f:5:11:5:12":1,"s:6:23:10:Infinity":1,"b:12:8:14:Infinity:undefined:undefined:undefined:undefined":0,"s:12:8:14:Infinity":2,"s:13:12:13:Infinity":3,"s:16:21:16:Infinity":4,"s:22:8:22:Infinity":5,"s:23:8:23:Infinity":6,"s:24:8:27:Infinity":7,"s:29:8:29:Infinity":8}}}
,"C:\\Users\\ricar\\accountability-backend\\src\\modules\\finance\\routes.ts": {"path":"C:\\Users\\ricar\\accountability-backend\\src\\modules\\finance\\routes.ts","statementMap":{"0":{"start":{"line":16,"column":6},"end":{"line":16,"column":null}},"1":{"start":{"line":18,"column":0},"end":{"line":24,"column":null}},"2":{"start":{"line":26,"column":0},"end":{"line":32,"column":null}},"3":{"start":{"line":34,"column":0},"end":{"line":40,"column":null}},"4":{"start":{"line":43,"column":0},"end":{"line":50,"column":null}},"5":{"start":{"line":52,"column":0},"end":{"line":59,"column":null}},"6":{"start":{"line":61,"column":0},"end":{"line":68,"column":null}},"7":{"start":{"line":70,"column":0},"end":{"line":77,"column":null}}},"fnMap":{},"branchMap":{},"s":{"0":1,"1":1,"2":1,"3":1,"4":1,"5":1,"6":1,"7":1},"f":{},"b":{},"meta":{"lastBranch":0,"lastFunction":0,"lastStatement":8,"seen":{"s:16:6:16:Infinity":0,"s:18:0:24:Infinity":1,"s:26:0:32:Infinity":2,"s:34:0:40:Infinity":3,"s:43:0:50:Infinity":4,"s:52:0:59:Infinity":5,"s:61:0:68:Infinity":6,"s:70:0:77:Infinity":7}}}
,"C:\\Users\\ricar\\accountability-backend\\src\\modules\\finance\\consts\\defaultFinancialCategories.ts": {"path":"C:\\Users\\ricar\\accountability-backend\\src\\modules\\finance\\consts\\defaultFinancialCategories.ts","statementMap":{"0":{"start":{"line":1,"column":44},"end":{"line":11,"column":null}}},"fnMap":{},"branchMap":{},"s":{"0":1},"f":{},"b":{},"meta":{"lastBranch":0,"lastFunction":0,"lastStatement":1,"seen":{"s:1:44:11:Infinity":0}}}
,"C:\\Users\\ricar\\accountability-backend\\src\\modules\\finance\\controllers\\adjustbalance.controller.ts": {"path":"C:\\Users\\ricar\\accountability-backend\\src\\modules\\finance\\controllers\\adjustbalance.controller.ts","statementMap":{"0":{"start":{"line":10,"column":19},"end":{"line":10,"column":null}},"1":{"start":{"line":11,"column":37},"end":{"line":11,"column":null}},"2":{"start":{"line":13,"column":4},"end":{"line":27,"column":null}},"3":{"start":{"line":14,"column":24},"end":{"line":14,"column":null}},"4":{"start":{"line":16,"column":8},"end":{"line":24,"column":null}},"5":{"start":{"line":26,"column":8},"end":{"line":26,"column":null}}},"fnMap":{"0":{"name":"adjustBalanceController","decl":{"start":{"line":5,"column":22},"end":{"line":5,"column":null}},"loc":{"start":{"line":9,"column":2},"end":{"line":28,"column":null}},"line":9}},"branchMap":{},"s":{"0":0,"1":0,"2":0,"3":0,"4":0,"5":0},"f":{"0":0},"b":{},"meta":{"lastBranch":0,"lastFunction":1,"lastStatement":6,"seen":{"f:5:22:5:Infinity":0,"s:10:19:10:Infinity":0,"s:11:37:11:Infinity":1,"s:13:4:27:Infinity":2,"s:14:24:14:Infinity":3,"s:16:8:24:Infinity":4,"s:26:8:26:Infinity":5}}}
,"C:\\Users\\ricar\\accountability-backend\\src\\modules\\finance\\controllers\\createfinancialaccount.controller.ts": {"path":"C:\\Users\\ricar\\accountability-backend\\src\\modules\\finance\\controllers\\createfinancialaccount.controller.ts","statementMap":{"0":{"start":{"line":10,"column":19},"end":{"line":10,"column":null}},"1":{"start":{"line":11,"column":24},"end":{"line":11,"column":null}},"2":{"start":{"line":13,"column":4},"end":{"line":30,"column":null}},"3":{"start":{"line":14,"column":24},"end":{"line":14,"column":null}},"4":{"start":{"line":16,"column":8},"end":{"line":26,"column":null}},"5":{"start":{"line":29,"column":8},"end":{"line":29,"column":null}}},"fnMap":{"0":{"name":"createFinancialAccountController","decl":{"start":{"line":5,"column":22},"end":{"line":5,"column":null}},"loc":{"start":{"line":9,"column":2},"end":{"line":31,"column":null}},"line":9}},"branchMap":{},"s":{"0":0,"1":0,"2":0,"3":0,"4":0,"5":0},"f":{"0":0},"b":{},"meta":{"lastBranch":0,"lastFunction":1,"lastStatement":6,"seen":{"f:5:22:5:Infinity":0,"s:10:19:10:Infinity":0,"s:11:24:11:Infinity":1,"s:13:4:30:Infinity":2,"s:14:24:14:Infinity":3,"s:16:8:26:Infinity":4,"s:29:8:29:Infinity":5}}}
,"C:\\Users\\ricar\\accountability-backend\\src\\modules\\finance\\controllers\\financialCategories.controller.ts": {"path":"C:\\Users\\ricar\\accountability-backend\\src\\modules\\finance\\controllers\\financialCategories.controller.ts","statementMap":{"0":{"start":{"line":6,"column":46},"end":{"line":70,"column":null}},"1":{"start":{"line":8,"column":19},"end":{"line":8,"column":null}},"2":{"start":{"line":9,"column":4},"end":{"line":16,"column":null}},"3":{"start":{"line":11,"column":8},"end":{"line":11,"column":null}},"4":{"start":{"line":13,"column":6},"end":{"line":13,"column":null}},"5":{"start":{"line":15,"column":6},"end":{"line":15,"column":null}},"6":{"start":{"line":24,"column":19},"end":{"line":24,"column":null}},"7":{"start":{"line":25,"column":21},"end":{"line":25,"column":null}},"8":{"start":{"line":26,"column":19},"end":{"line":26,"column":null}},"9":{"start":{"line":27,"column":4},"end":{"line":37,"column":null}},"10":{"start":{"line":28,"column":30},"end":{"line":32,"column":null}},"11":{"start":{"line":34,"column":6},"end":{"line":34,"column":null}},"12":{"start":{"line":36,"column":6},"end":{"line":36,"column":null}},"13":{"start":{"line":41,"column":19},"end":{"line":41,"column":null}},"14":{"start":{"line":42,"column":21},"end":{"line":42,"column":null}},"15":{"start":{"line":43,"column":4},"end":{"line":52,"column":null}},"16":{"start":{"line":44,"column":23},"end":{"line":47,"column":null}},"17":{"start":{"line":49,"column":6},"end":{"line":49,"column":null}},"18":{"start":{"line":51,"column":6},"end":{"line":51,"column":null}},"19":{"start":{"line":60,"column":19},"end":{"line":60,"column":null}},"20":{"start":{"line":61,"column":19},"end":{"line":61,"column":null}},"21":{"start":{"line":63,"column":4},"end":{"line":68,"column":null}},"22":{"start":{"line":64,"column":6},"end":{"line":64,"column":null}},"23":{"start":{"line":65,"column":6},"end":{"line":65,"column":null}},"24":{"start":{"line":67,"column":6},"end":{"line":67,"column":null}}},"fnMap":{"0":{"name":"(anonymous_0)","decl":{"start":{"line":7,"column":8},"end":{"line":7,"column":22}},"loc":{"start":{"line":7,"column":71},"end":{"line":17,"column":null}},"line":7},"1":{"name":"(anonymous_1)","decl":{"start":{"line":19,"column":8},"end":{"line":19,"column":null}},"loc":{"start":{"line":23,"column":4},"end":{"line":38,"column":null}},"line":23},"2":{"name":"(anonymous_2)","decl":{"start":{"line":40,"column":8},"end":{"line":40,"column":23}},"loc":{"start":{"line":40,"column":72},"end":{"line":53,"column":null}},"line":40},"3":{"name":"(anonymous_3)","decl":{"start":{"line":55,"column":8},"end":{"line":55,"column":null}},"loc":{"start":{"line":59,"column":4},"end":{"line":69,"column":null}},"line":59}},"branchMap":{},"s":{"0":1,"1":0,"2":0,"3":0,"4":0,"5":0,"6":0,"7":0,"8":0,"9":0,"10":0,"11":0,"12":0,"13":0,"14":0,"15":0,"16":0,"17":0,"18":0,"19":0,"20":0,"21":0,"22":0,"23":0,"24":0},"f":{"0":0,"1":0,"2":0,"3":0},"b":{},"meta":{"lastBranch":0,"lastFunction":4,"lastStatement":25,"seen":{"s:6:46:70:Infinity":0,"f:7:8:7:22":0,"s:8:19:8:Infinity":1,"s:9:4:16:Infinity":2,"s:11:8:11:Infinity":3,"s:13:6:13:Infinity":4,"s:15:6:15:Infinity":5,"f:19:8:19:Infinity":1,"s:24:19:24:Infinity":6,"s:25:21:25:Infinity":7,"s:26:19:26:Infinity":8,"s:27:4:37:Infinity":9,"s:28:30:32:Infinity":10,"s:34:6:34:Infinity":11,"s:36:6:36:Infinity":12,"f:40:8:40:23":2,"s:41:19:41:Infinity":13,"s:42:21:42:Infinity":14,"s:43:4:52:Infinity":15,"s:44:23:47:Infinity":16,"s:49:6:49:Infinity":17,"s:51:6:51:Infinity":18,"f:55:8:55:Infinity":3,"s:60:19:60:Infinity":19,"s:61:19:61:Infinity":20,"s:63:4:68:Infinity":21,"s:64:6:64:Infinity":22,"s:65:6:65:Infinity":23,"s:67:6:67:Infinity":24}}}
,"C:\\Users\\ricar\\accountability-backend\\src\\modules\\finance\\controllers\\getStatement.controller.ts": {"path":"C:\\Users\\ricar\\accountability-backend\\src\\modules\\finance\\controllers\\getStatement.controller.ts","statementMap":{"0":{"start":{"line":10,"column":19},"end":{"line":10,"column":null}},"1":{"start":{"line":11,"column":50},"end":{"line":11,"column":null}},"2":{"start":{"line":18,"column":4},"end":{"line":38,"column":null}},"3":{"start":{"line":19,"column":26},"end":{"line":25,"column":null}},"4":{"start":{"line":27,"column":27},"end":{"line":27,"column":null}},"5":{"start":{"line":29,"column":8},"end":{"line":35,"column":null}},"6":{"start":{"line":37,"column":8},"end":{"line":37,"column":null}}},"fnMap":{"0":{"name":"getStatementController","decl":{"start":{"line":5,"column":22},"end":{"line":5,"column":null}},"loc":{"start":{"line":9,"column":2},"end":{"line":39,"column":null}},"line":9}},"branchMap":{"0":{"loc":{"start":{"line":27,"column":27},"end":{"line":27,"column":null}},"type":"cond-expr","locations":[{"start":{"line":27,"column":50},"end":{"line":27,"column":88}},{"start":{"line":27,"column":88},"end":{"line":27,"column":null}}],"line":27}},"s":{"0":0,"1":0,"2":0,"3":0,"4":0,"5":0,"6":0},"f":{"0":0},"b":{"0":[0,0]},"meta":{"lastBranch":1,"lastFunction":1,"lastStatement":7,"seen":{"f:5:22:5:Infinity":0,"s:10:19:10:Infinity":0,"s:11:50:11:Infinity":1,"s:18:4:38:Infinity":2,"s:19:26:25:Infinity":3,"s:27:27:27:Infinity":4,"b:27:50:27:88:27:88:27:Infinity":0,"s:29:8:35:Infinity":5,"s:37:8:37:Infinity":6}}}
,"C:\\Users\\ricar\\accountability-backend\\src\\modules\\finance\\repository\\financialCategories.repository.ts": {"path":"C:\\Users\\ricar\\accountability-backend\\src\\modules\\finance\\repository\\financialCategories.repository.ts","statementMap":{"0":{"start":{"line":3,"column":45},"end":{"line":37,"column":null}},"1":{"start":{"line":6,"column":4},"end":{"line":8,"column":null}},"2":{"start":{"line":11,"column":4},"end":{"line":13,"column":null}},"3":{"start":{"line":17,"column":4},"end":{"line":22,"column":null}},"4":{"start":{"line":26,"column":4},"end":{"line":29,"column":null}},"5":{"start":{"line":33,"column":4},"end":{"line":35,"column":null}}},"fnMap":{"0":{"name":"(anonymous_0)","decl":{"start":{"line":5,"column":8},"end":{"line":5,"column":20}},"loc":{"start":{"line":5,"column":40},"end":{"line":9,"column":null}},"line":5},"1":{"name":"(anonymous_1)","decl":{"start":{"line":10,"column":8},"end":{"line":10,"column":21}},"loc":{"start":{"line":10,"column":37},"end":{"line":14,"column":null}},"line":10},"2":{"name":"(anonymous_2)","decl":{"start":{"line":16,"column":8},"end":{"line":16,"column":15}},"loc":{"start":{"line":16,"column":45},"end":{"line":23,"column":null}},"line":16},"3":{"name":"(anonymous_3)","decl":{"start":{"line":25,"column":8},"end":{"line":25,"column":16}},"loc":{"start":{"line":25,"column":50},"end":{"line":30,"column":null}},"line":25},"4":{"name":"(anonymous_4)","decl":{"start":{"line":32,"column":8},"end":{"line":32,"column":16}},"loc":{"start":{"line":32,"column":36},"end":{"line":36,"column":null}},"line":32}},"branchMap":{},"s":{"0":1,"1":0,"2":0,"3":0,"4":0,"5":0},"f":{"0":0,"1":0,"2":0,"3":0,"4":0},"b":{},"meta":{"lastBranch":0,"lastFunction":5,"lastStatement":6,"seen":{"s:3:45:37:Infinity":0,"f:5:8:5:20":0,"s:6:4:8:Infinity":1,"f:10:8:10:21":1,"s:11:4:13:Infinity":2,"f:16:8:16:15":2,"s:17:4:22:Infinity":3,"f:25:8:25:16":3,"s:26:4:29:Infinity":4,"f:32:8:32:16":4,"s:33:4:35:Infinity":5}}}
,"C:\\Users\\ricar\\accountability-backend\\src\\modules\\finance\\schemas\\adjustbalance.schema.ts": {"path":"C:\\Users\\ricar\\accountability-backend\\src\\modules\\finance\\schemas\\adjustbalance.schema.ts","statementMap":{"0":{"start":{"line":3,"column":35},"end":{"line":27,"column":null}},"1":{"start":{"line":7,"column":16},"end":{"line":7,"column":null}},"2":{"start":{"line":7,"column":49},"end":{"line":7,"column":null}},"3":{"start":{"line":8,"column":16},"end":{"line":8,"column":null}},"4":{"start":{"line":8,"column":45},"end":{"line":8,"column":null}},"5":{"start":{"line":9,"column":16},"end":{"line":9,"column":null}},"6":{"start":{"line":14,"column":16},"end":{"line":14,"column":null}},"7":{"start":{"line":14,"column":50},"end":{"line":14,"column":null}},"8":{"start":{"line":15,"column":16},"end":{"line":15,"column":null}},"9":{"start":{"line":15,"column":45},"end":{"line":15,"column":null}},"10":{"start":{"line":16,"column":16},"end":{"line":16,"column":null}},"11":{"start":{"line":21,"column":16},"end":{"line":21,"column":null}},"12":{"start":{"line":21,"column":50},"end":{"line":21,"column":null}},"13":{"start":{"line":22,"column":16},"end":{"line":22,"column":null}},"14":{"start":{"line":22,"column":45},"end":{"line":22,"column":null}},"15":{"start":{"line":23,"column":16},"end":{"line":23,"column":null}}},"fnMap":{"0":{"name":"(anonymous_0)","decl":{"start":{"line":6,"column":19},"end":{"line":6,"column":20}},"loc":{"start":{"line":6,"column":28},"end":{"line":10,"column":null}},"line":6},"1":{"name":"(anonymous_1)","decl":{"start":{"line":13,"column":19},"end":{"line":13,"column":20}},"loc":{"start":{"line":13,"column":28},"end":{"line":17,"column":null}},"line":13},"2":{"name":"(anonymous_2)","decl":{"start":{"line":20,"column":19},"end":{"line":20,"column":20}},"loc":{"start":{"line":20,"column":28},"end":{"line":24,"column":null}},"line":20}},"branchMap":{"0":{"loc":{"start":{"line":7,"column":16},"end":{"line":7,"column":null}},"type":"if","locations":[{"start":{"line":7,"column":16},"end":{"line":7,"column":null}},{"start":{},"end":{}}],"line":7},"1":{"loc":{"start":{"line":8,"column":16},"end":{"line":8,"column":null}},"type":"if","locations":[{"start":{"line":8,"column":16},"end":{"line":8,"column":null}},{"start":{},"end":{}}],"line":8},"2":{"loc":{"start":{"line":14,"column":16},"end":{"line":14,"column":null}},"type":"if","locations":[{"start":{"line":14,"column":16},"end":{"line":14,"column":null}},{"start":{},"end":{}}],"line":14},"3":{"loc":{"start":{"line":15,"column":16},"end":{"line":15,"column":null}},"type":"if","locations":[{"start":{"line":15,"column":16},"end":{"line":15,"column":null}},{"start":{},"end":{}}],"line":15},"4":{"loc":{"start":{"line":21,"column":16},"end":{"line":21,"column":null}},"type":"if","locations":[{"start":{"line":21,"column":16},"end":{"line":21,"column":null}},{"start":{},"end":{}}],"line":21},"5":{"loc":{"start":{"line":22,"column":16},"end":{"line":22,"column":null}},"type":"if","locations":[{"start":{"line":22,"column":16},"end":{"line":22,"column":null}},{"start":{},"end":{}}],"line":22}},"s":{"0":1,"1":0,"2":0,"3":0,"4":0,"5":0,"6":0,"7":0,"8":0,"9":0,"10":0,"11":0,"12":0,"13":0,"14":0,"15":0},"f":{"0":0,"1":0,"2":0},"b":{"0":[0,0],"1":[0,0],"2":[0,0],"3":[0,0],"4":[0,0],"5":[0,0]},"meta":{"lastBranch":6,"lastFunction":3,"lastStatement":16,"seen":{"s:3:35:27:Infinity":0,"f:6:19:6:20":0,"b:7:16:7:Infinity:undefined:undefined:undefined:undefined":0,"s:7:16:7:Infinity":1,"s:7:49:7:Infinity":2,"b:8:16:8:Infinity:undefined:undefined:undefined:undefined":1,"s:8:16:8:Infinity":3,"s:8:45:8:Infinity":4,"s:9:16:9:Infinity":5,"f:13:19:13:20":1,"b:14:16:14:Infinity:undefined:undefined:undefined:undefined":2,"s:14:16:14:Infinity":6,"s:14:50:14:Infinity":7,"b:15:16:15:Infinity:undefined:undefined:undefined:undefined":3,"s:15:16:15:Infinity":8,"s:15:45:15:Infinity":9,"s:16:16:16:Infinity":10,"f:20:19:20:20":2,"b:21:16:21:Infinity:undefined:undefined:undefined:undefined":4,"s:21:16:21:Infinity":11,"s:21:50:21:Infinity":12,"b:22:16:22:Infinity:undefined:undefined:undefined:undefined":5,"s:22:16:22:Infinity":13,"s:22:45:22:Infinity":14,"s:23:16:23:Infinity":15}}}
,"C:\\Users\\ricar\\accountability-backend\\src\\modules\\finance\\schemas\\createCategory.schema.ts": {"path":"C:\\Users\\ricar\\accountability-backend\\src\\modules\\finance\\schemas\\createCategory.schema.ts","statementMap":{"0":{"start":{"line":3,"column":45},"end":{"line":17,"column":null}},"1":{"start":{"line":8,"column":10},"end":{"line":9,"column":null}},"2":{"start":{"line":9,"column":12},"end":{"line":9,"column":null}},"3":{"start":{"line":10,"column":10},"end":{"line":10,"column":null}},"4":{"start":{"line":10,"column":39},"end":{"line":10,"column":null}},"5":{"start":{"line":11,"column":10},"end":{"line":11,"column":null}}},"fnMap":{"0":{"name":"(anonymous_0)","decl":{"start":{"line":7,"column":15},"end":{"line":7,"column":16}},"loc":{"start":{"line":7,"column":24},"end":{"line":12,"column":null}},"line":7}},"branchMap":{"0":{"loc":{"start":{"line":8,"column":10},"end":{"line":9,"column":null}},"type":"if","locations":[{"start":{"line":8,"column":10},"end":{"line":9,"column":null}},{"start":{},"end":{}}],"line":8},"1":{"loc":{"start":{"line":10,"column":10},"end":{"line":10,"column":null}},"type":"if","locations":[{"start":{"line":10,"column":10},"end":{"line":10,"column":null}},{"start":{},"end":{}}],"line":10}},"s":{"0":1,"1":0,"2":0,"3":0,"4":0,"5":0},"f":{"0":0},"b":{"0":[0,0],"1":[0,0]},"meta":{"lastBranch":2,"lastFunction":1,"lastStatement":6,"seen":{"s:3:45:17:Infinity":0,"f:7:15:7:16":0,"b:8:10:9:Infinity:undefined:undefined:undefined:undefined":0,"s:8:10:9:Infinity":1,"s:9:12:9:Infinity":2,"b:10:10:10:Infinity:undefined:undefined:undefined:undefined":1,"s:10:10:10:Infinity":3,"s:10:39:10:Infinity":4,"s:11:10:11:Infinity":5}}}
,"C:\\Users\\ricar\\accountability-backend\\src\\modules\\finance\\schemas\\createfinancialaccount.schema.ts": {"path":"C:\\Users\\ricar\\accountability-backend\\src\\modules\\finance\\schemas\\createfinancialaccount.schema.ts","statementMap":{"0":{"start":{"line":3,"column":44},"end":{"line":13,"column":null}},"1":{"start":{"line":7,"column":16},"end":{"line":7,"column":null}},"2":{"start":{"line":7,"column":49},"end":{"line":7,"column":null}},"3":{"start":{"line":8,"column":16},"end":{"line":8,"column":null}},"4":{"start":{"line":8,"column":45},"end":{"line":8,"column":null}},"5":{"start":{"line":9,"column":16},"end":{"line":9,"column":null}}},"fnMap":{"0":{"name":"(anonymous_0)","decl":{"start":{"line":6,"column":19},"end":{"line":6,"column":20}},"loc":{"start":{"line":6,"column":28},"end":{"line":10,"column":null}},"line":6}},"branchMap":{"0":{"loc":{"start":{"line":7,"column":16},"end":{"line":7,"column":null}},"type":"if","locations":[{"start":{"line":7,"column":16},"end":{"line":7,"column":null}},{"start":{},"end":{}}],"line":7},"1":{"loc":{"start":{"line":8,"column":16},"end":{"line":8,"column":null}},"type":"if","locations":[{"start":{"line":8,"column":16},"end":{"line":8,"column":null}},{"start":{},"end":{}}],"line":8}},"s":{"0":1,"1":0,"2":0,"3":0,"4":0,"5":0},"f":{"0":0},"b":{"0":[0,0],"1":[0,0]},"meta":{"lastBranch":2,"lastFunction":1,"lastStatement":6,"seen":{"s:3:44:13:Infinity":0,"f:6:19:6:20":0,"b:7:16:7:Infinity:undefined:undefined:undefined:undefined":0,"s:7:16:7:Infinity":1,"s:7:49:7:Infinity":2,"b:8:16:8:Infinity:undefined:undefined:undefined:undefined":1,"s:8:16:8:Infinity":3,"s:8:45:8:Infinity":4,"s:9:16:9:Infinity":5}}}
,"C:\\Users\\ricar\\accountability-backend\\src\\modules\\finance\\schemas\\deleteCategory.schema.ts": {"path":"C:\\Users\\ricar\\accountability-backend\\src\\modules\\finance\\schemas\\deleteCategory.schema.ts","statementMap":{"0":{"start":{"line":3,"column":45},"end":{"line":7,"column":null}}},"fnMap":{},"branchMap":{},"s":{"0":1},"f":{},"b":{},"meta":{"lastBranch":0,"lastFunction":0,"lastStatement":1,"seen":{"s:3:45:7:Infinity":0}}}
,"C:\\Users\\ricar\\accountability-backend\\src\\modules\\finance\\schemas\\getStatement.schema.ts": {"path":"C:\\Users\\ricar\\accountability-backend\\src\\modules\\finance\\schemas\\getStatement.schema.ts","statementMap":{"0":{"start":{"line":3,"column":34},"end":{"line":17,"column":null}},"1":{"start":{"line":6,"column":32},"end":{"line":6,"column":45}},"2":{"start":{"line":9,"column":32},"end":{"line":9,"column":45}}},"fnMap":{"0":{"name":"(anonymous_0)","decl":{"start":{"line":6,"column":23},"end":{"line":6,"column":24}},"loc":{"start":{"line":6,"column":32},"end":{"line":6,"column":45}},"line":6},"1":{"name":"(anonymous_1)","decl":{"start":{"line":9,"column":23},"end":{"line":9,"column":24}},"loc":{"start":{"line":9,"column":32},"end":{"line":9,"column":45}},"line":9}},"branchMap":{},"s":{"0":1,"1":0,"2":0},"f":{"0":0,"1":0},"b":{},"meta":{"lastBranch":0,"lastFunction":2,"lastStatement":3,"seen":{"s:3:34:17:Infinity":0,"f:6:23:6:24":0,"s:6:32:6:45":1,"f:9:23:9:24":1,"s:9:32:9:45":2}}}
,"C:\\Users\\ricar\\accountability-backend\\src\\modules\\finance\\schemas\\updateCategory.schema.ts": {"path":"C:\\Users\\ricar\\accountability-backend\\src\\modules\\finance\\schemas\\updateCategory.schema.ts","statementMap":{"0":{"start":{"line":3,"column":45},"end":{"line":20,"column":null}},"1":{"start":{"line":8,"column":10},"end":{"line":9,"column":null}},"2":{"start":{"line":9,"column":12},"end":{"line":9,"column":null}},"3":{"start":{"line":10,"column":10},"end":{"line":10,"column":null}},"4":{"start":{"line":10,"column":39},"end":{"line":10,"column":null}},"5":{"start":{"line":11,"column":10},"end":{"line":11,"column":null}}},"fnMap":{"0":{"name":"(anonymous_0)","decl":{"start":{"line":7,"column":15},"end":{"line":7,"column":16}},"loc":{"start":{"line":7,"column":24},"end":{"line":12,"column":null}},"line":7}},"branchMap":{"0":{"loc":{"start":{"line":8,"column":10},"end":{"line":9,"column":null}},"type":"if","locations":[{"start":{"line":8,"column":10},"end":{"line":9,"column":null}},{"start":{},"end":{}}],"line":8},"1":{"loc":{"start":{"line":10,"column":10},"end":{"line":10,"column":null}},"type":"if","locations":[{"start":{"line":10,"column":10},"end":{"line":10,"column":null}},{"start":{},"end":{}}],"line":10}},"s":{"0":1,"1":0,"2":0,"3":0,"4":0,"5":0},"f":{"0":0},"b":{"0":[0,0],"1":[0,0]},"meta":{"lastBranch":2,"lastFunction":1,"lastStatement":6,"seen":{"s:3:45:20:Infinity":0,"f:7:15:7:16":0,"b:8:10:9:Infinity:undefined:undefined:undefined:undefined":0,"s:8:10:9:Infinity":1,"s:9:12:9:Infinity":2,"b:10:10:10:Infinity:undefined:undefined:undefined:undefined":1,"s:10:10:10:Infinity":3,"s:10:39:10:Infinity":4,"s:11:10:11:Infinity":5}}}
,"C:\\Users\\ricar\\accountability-backend\\src\\modules\\finance\\services\\adjustbalance.service.ts": {"path":"C:\\Users\\ricar\\accountability-backend\\src\\modules\\finance\\services\\adjustbalance.service.ts","statementMap":{"0":{"start":{"line":11,"column":26},"end":{"line":11,"column":null}},"1":{"start":{"line":13,"column":4},"end":{"line":50,"column":null}},"2":{"start":{"line":14,"column":24},"end":{"line":16,"column":null}},"3":{"start":{"line":18,"column":8},"end":{"line":18,"column":null}},"4":{"start":{"line":18,"column":22},"end":{"line":18,"column":null}},"5":{"start":{"line":20,"column":8},"end":{"line":21,"column":null}},"6":{"start":{"line":21,"column":12},"end":{"line":21,"column":null}},"7":{"start":{"line":23,"column":24},"end":{"line":36,"column":null}},"8":{"start":{"line":38,"column":23},"end":{"line":38,"column":null}},"9":{"start":{"line":40,"column":8},"end":{"line":47,"column":null}},"10":{"start":{"line":49,"column":8},"end":{"line":49,"column":null}}},"fnMap":{"0":{"name":"adjustBalanceService","decl":{"start":{"line":5,"column":22},"end":{"line":5,"column":null}},"loc":{"start":{"line":10,"column":2},"end":{"line":51,"column":null}},"line":10},"1":{"name":"(anonymous_1)","decl":{"start":{"line":13,"column":37},"end":{"line":13,"column":44}},"loc":{"start":{"line":13,"column":51},"end":{"line":50,"column":5}},"line":13}},"branchMap":{"0":{"loc":{"start":{"line":18,"column":8},"end":{"line":18,"column":null}},"type":"if","locations":[{"start":{"line":18,"column":8},"end":{"line":18,"column":null}},{"start":{},"end":{}}],"line":18},"1":{"loc":{"start":{"line":20,"column":8},"end":{"line":21,"column":null}},"type":"if","locations":[{"start":{"line":20,"column":8},"end":{"line":21,"column":null}},{"start":{},"end":{}}],"line":20},"2":{"loc":{"start":{"line":20,"column":12},"end":{"line":20,"column":null}},"type":"binary-expr","locations":[{"start":{"line":20,"column":12},"end":{"line":20,"column":36}},{"start":{"line":20,"column":36},"end":{"line":20,"column":null}}],"line":20},"3":{"loc":{"start":{"line":27,"column":21},"end":{"line":27,"column":69}},"type":"cond-expr","locations":[{"start":{"line":27,"column":44},"end":{"line":27,"column":58}},{"start":{"line":27,"column":58},"end":{"line":27,"column":69}}],"line":27},"4":{"loc":{"start":{"line":38,"column":23},"end":{"line":38,"column":null}},"type":"cond-expr","locations":[{"start":{"line":38,"column":46},"end":{"line":38,"column":62}},{"start":{"line":38,"column":62},"end":{"line":38,"column":null}}],"line":38}},"s":{"0":0,"1":0,"2":0,"3":0,"4":0,"5":0,"6":0,"7":0,"8":0,"9":0,"10":0},"f":{"0":0,"1":0},"b":{"0":[0,0],"1":[0,0],"2":[0,0],"3":[0,0],"4":[0,0]},"meta":{"lastBranch":5,"lastFunction":2,"lastStatement":11,"seen":{"f:5:22:5:Infinity":0,"s:11:26:11:Infinity":0,"s:13:4:50:Infinity":1,"f:13:37:13:44":1,"s:14:24:16:Infinity":2,"b:18:8:18:Infinity:undefined:undefined:undefined:undefined":0,"s:18:8:18:Infinity":3,"s:18:22:18:Infinity":4,"b:20:8:21:Infinity:undefined:undefined:undefined:undefined":1,"s:20:8:21:Infinity":5,"b:20:12:20:36:20:36:20:Infinity":2,"s:21:12:21:Infinity":6,"s:23:24:36:Infinity":7,"b:27:44:27:58:27:58:27:69":3,"s:38:23:38:Infinity":8,"b:38:46:38:62:38:62:38:Infinity":4,"s:40:8:47:Infinity":9,"s:49:8:49:Infinity":10}}}
,"C:\\Users\\ricar\\accountability-backend\\src\\modules\\finance\\services\\createfinancialaccount.service.ts": {"path":"C:\\Users\\ricar\\accountability-backend\\src\\modules\\finance\\services\\createfinancialaccount.service.ts","statementMap":{"0":{"start":{"line":10,"column":2},"end":{"line":52,"column":null}},"1":{"start":{"line":11,"column":22},"end":{"line":40,"column":null}},"2":{"start":{"line":33,"column":58},"end":{"line":37,"column":10}},"3":{"start":{"line":42,"column":4},"end":{"line":42,"column":null}},"4":{"start":{"line":44,"column":4},"end":{"line":49,"column":null}},"5":{"start":{"line":45,"column":6},"end":{"line":49,"column":null}},"6":{"start":{"line":51,"column":4},"end":{"line":51,"column":null}}},"fnMap":{"0":{"name":"createFinancialAccountService","decl":{"start":{"line":6,"column":22},"end":{"line":6,"column":null}},"loc":{"start":{"line":9,"column":2},"end":{"line":53,"column":null}},"line":9},"1":{"name":"(anonymous_1)","decl":{"start":{"line":33,"column":47},"end":{"line":33,"column":48}},"loc":{"start":{"line":33,"column":58},"end":{"line":37,"column":10}},"line":33}},"branchMap":{"0":{"loc":{"start":{"line":44,"column":4},"end":{"line":49,"column":null}},"type":"if","locations":[{"start":{"line":44,"column":4},"end":{"line":49,"column":null}},{"start":{},"end":{}}],"line":44},"1":{"loc":{"start":{"line":44,"column":8},"end":{"line":44,"column":null}},"type":"binary-expr","locations":[{"start":{"line":44,"column":8},"end":{"line":44,"column":56}},{"start":{"line":44,"column":56},"end":{"line":44,"column":null}}],"line":44}},"s":{"0":0,"1":0,"2":0,"3":0,"4":0,"5":0,"6":0},"f":{"0":0,"1":0},"b":{"0":[0,0],"1":[0,0]},"meta":{"lastBranch":2,"lastFunction":2,"lastStatement":7,"seen":{"f:6:22:6:Infinity":0,"s:10:2:52:Infinity":0,"s:11:22:40:Infinity":1,"f:33:47:33:48":1,"s:33:58:37:10":2,"s:42:4:42:Infinity":3,"b:44:4:49:Infinity:undefined:undefined:undefined:undefined":0,"s:44:4:49:Infinity":4,"b:44:8:44:56:44:56:44:Infinity":1,"s:45:6:49:Infinity":5,"s:51:4:51:Infinity":6}}}
,"C:\\Users\\ricar\\accountability-backend\\src\\modules\\finance\\services\\getStatement.service.ts": {"path":"C:\\Users\\ricar\\accountability-backend\\src\\modules\\finance\\services\\getStatement.service.ts","statementMap":{"0":{"start":{"line":11,"column":4},"end":{"line":15,"column":null}},"1":{"start":{"line":12,"column":8},"end":{"line":15,"column":null}},"2":{"start":{"line":17,"column":4},"end":{"line":42,"column":null}}},"fnMap":{"0":{"name":"getStatementService","decl":{"start":{"line":4,"column":22},"end":{"line":4,"column":null}},"loc":{"start":{"line":10,"column":2},"end":{"line":43,"column":null}},"line":10}},"branchMap":{"0":{"loc":{"start":{"line":8,"column":4},"end":{"line":8,"column":null}},"type":"default-arg","locations":[{"start":{"line":8,"column":12},"end":{"line":8,"column":null}}],"line":8},"1":{"loc":{"start":{"line":11,"column":4},"end":{"line":15,"column":null}},"type":"if","locations":[{"start":{"line":11,"column":4},"end":{"line":15,"column":null}},{"start":{},"end":{}}],"line":11},"2":{"loc":{"start":{"line":11,"column":8},"end":{"line":11,"column":null}},"type":"binary-expr","locations":[{"start":{"line":11,"column":8},"end":{"line":11,"column":21}},{"start":{"line":11,"column":21},"end":{"line":11,"column":32}},{"start":{"line":11,"column":32},"end":{"line":11,"column":null}}],"line":11},"3":{"loc":{"start":{"line":20,"column":16},"end":{"line":25,"column":null}},"type":"cond-expr","locations":[{"start":{"line":20,"column":39},"end":{"line":25,"column":16}},{"start":{"line":25,"column":16},"end":{"line":25,"column":null}}],"line":20},"4":{"loc":{"start":{"line":20,"column":16},"end":{"line":20,"column":39}},"type":"binary-expr","locations":[{"start":{"line":20,"column":16},"end":{"line":20,"column":29}},{"start":{"line":20,"column":29},"end":{"line":20,"column":39}}],"line":20},"5":{"loc":{"start":{"line":22,"column":24},"end":{"line":22,"column":null}},"type":"binary-expr","locations":[{"start":{"line":22,"column":24},"end":{"line":22,"column":37}},{"start":{"line":22,"column":37},"end":{"line":22,"column":null}}],"line":22},"6":{"loc":{"start":{"line":23,"column":24},"end":{"line":23,"column":null}},"type":"binary-expr","locations":[{"start":{"line":23,"column":24},"end":{"line":23,"column":35}},{"start":{"line":23,"column":35},"end":{"line":23,"column":null}}],"line":23},"7":{"loc":{"start":{"line":38,"column":12},"end":{"line":41,"column":null}},"type":"binary-expr","locations":[{"start":{"line":38,"column":12},"end":{"line":38,"column":22}},{"start":{"line":38,"column":22},"end":{"line":41,"column":null}}],"line":38}},"s":{"0":0,"1":0,"2":0},"f":{"0":0},"b":{"0":[0],"1":[0,0],"2":[0,0,0],"3":[0,0],"4":[0,0],"5":[0,0],"6":[0,0],"7":[0,0]},"meta":{"lastBranch":8,"lastFunction":1,"lastStatement":3,"seen":{"f:4:22:4:Infinity":0,"b:8:12:8:Infinity":0,"b:11:4:15:Infinity:undefined:undefined:undefined:undefined":1,"s:11:4:15:Infinity":0,"b:11:8:11:21:11:21:11:32:11:32:11:Infinity":2,"s:12:8:15:Infinity":1,"s:17:4:42:Infinity":2,"b:20:39:25:16:25:16:25:Infinity":3,"b:20:16:20:29:20:29:20:39":4,"b:22:24:22:37:22:37:22:Infinity":5,"b:23:24:23:35:23:35:23:Infinity":6,"b:38:12:38:22:38:22:41:Infinity":7}}}
,"C:\\Users\\ricar\\accountability-backend\\src\\modules\\user\\routes.ts": {"path":"C:\\Users\\ricar\\accountability-backend\\src\\modules\\user\\routes.ts","statementMap":{"0":{"start":{"line":13,"column":6},"end":{"line":13,"column":null}},"1":{"start":{"line":16,"column":0},"end":{"line":16,"column":null}},"2":{"start":{"line":17,"column":0},"end":{"line":17,"column":null}},"3":{"start":{"line":21,"column":0},"end":{"line":21,"column":null}},"4":{"start":{"line":22,"column":0},"end":{"line":22,"column":null}}},"fnMap":{},"branchMap":{},"s":{"0":1,"1":1,"2":1,"3":1,"4":1},"f":{},"b":{},"meta":{"lastBranch":0,"lastFunction":0,"lastStatement":5,"seen":{"s:13:6:13:Infinity":0,"s:16:0:16:Infinity":1,"s:17:0:17:Infinity":2,"s:21:0:21:Infinity":3,"s:22:0:22:Infinity":4}}}
,"C:\\Users\\ricar\\accountability-backend\\src\\modules\\user\\areas\\controllers\\getareas.controller.ts": {"path":"C:\\Users\\ricar\\accountability-backend\\src\\modules\\user\\areas\\controllers\\getareas.controller.ts","statementMap":{"0":{"start":{"line":10,"column":4},"end":{"line":19,"column":null}},"1":{"start":{"line":11,"column":23},"end":{"line":11,"column":null}},"2":{"start":{"line":13,"column":22},"end":{"line":13,"column":null}},"3":{"start":{"line":15,"column":8},"end":{"line":15,"column":null}},"4":{"start":{"line":18,"column":8},"end":{"line":18,"column":null}}},"fnMap":{"0":{"name":"getAreasController","decl":{"start":{"line":5,"column":22},"end":{"line":5,"column":null}},"loc":{"start":{"line":9,"column":2},"end":{"line":20,"column":null}},"line":9}},"branchMap":{},"s":{"0":0,"1":0,"2":0,"3":0,"4":0},"f":{"0":0},"b":{},"meta":{"lastBranch":0,"lastFunction":1,"lastStatement":5,"seen":{"f:5:22:5:Infinity":0,"s:10:4:19:Infinity":0,"s:11:23:11:Infinity":1,"s:13:22:13:Infinity":2,"s:15:8:15:Infinity":3,"s:18:8:18:Infinity":4}}}
,"C:\\Users\\ricar\\accountability-backend\\src\\modules\\user\\areas\\controllers\\updateareas.controller.ts": {"path":"C:\\Users\\ricar\\accountability-backend\\src\\modules\\user\\areas\\controllers\\updateareas.controller.ts","statementMap":{"0":{"start":{"line":10,"column":4},"end":{"line":23,"column":null}},"1":{"start":{"line":11,"column":23},"end":{"line":11,"column":null}},"2":{"start":{"line":12,"column":26},"end":{"line":12,"column":null}},"3":{"start":{"line":14,"column":23},"end":{"line":14,"column":null}},"4":{"start":{"line":16,"column":8},"end":{"line":19,"column":null}},"5":{"start":{"line":22,"column":8},"end":{"line":22,"column":null}}},"fnMap":{"0":{"name":"updateAreasController","decl":{"start":{"line":5,"column":22},"end":{"line":5,"column":null}},"loc":{"start":{"line":9,"column":2},"end":{"line":24,"column":null}},"line":9}},"branchMap":{},"s":{"0":0,"1":0,"2":0,"3":0,"4":0,"5":0},"f":{"0":0},"b":{},"meta":{"lastBranch":0,"lastFunction":1,"lastStatement":6,"seen":{"f:5:22:5:Infinity":0,"s:10:4:23:Infinity":0,"s:11:23:11:Infinity":1,"s:12:26:12:Infinity":2,"s:14:23:14:Infinity":3,"s:16:8:19:Infinity":4,"s:22:8:22:Infinity":5}}}
,"C:\\Users\\ricar\\accountability-backend\\src\\modules\\user\\areas\\schemas\\updateareas.schema.ts": {"path":"C:\\Users\\ricar\\accountability-backend\\src\\modules\\user\\areas\\schemas\\updateareas.schema.ts","statementMap":{"0":{"start":{"line":4,"column":33},"end":{"line":10,"column":null}}},"fnMap":{},"branchMap":{},"s":{"0":1},"f":{},"b":{},"meta":{"lastBranch":0,"lastFunction":0,"lastStatement":1,"seen":{"s:4:33:10:Infinity":0}}}
,"C:\\Users\\ricar\\accountability-backend\\src\\modules\\user\\areas\\services\\getareas.service.ts": {"path":"C:\\Users\\ricar\\accountability-backend\\src\\modules\\user\\areas\\services\\getareas.service.ts","statementMap":{"0":{"start":{"line":4,"column":16},"end":{"line":12,"column":null}},"1":{"start":{"line":14,"column":2},"end":{"line":14,"column":null}},"2":{"start":{"line":14,"column":26},"end":{"line":14,"column":32}}},"fnMap":{"0":{"name":"getAreasService","decl":{"start":{"line":3,"column":22},"end":{"line":3,"column":38}},"loc":{"start":{"line":3,"column":50},"end":{"line":15,"column":null}},"line":3},"1":{"name":"(anonymous_1)","decl":{"start":{"line":14,"column":19},"end":{"line":14,"column":20}},"loc":{"start":{"line":14,"column":26},"end":{"line":14,"column":32}},"line":14}},"branchMap":{},"s":{"0":0,"1":0,"2":0},"f":{"0":0,"1":0},"b":{},"meta":{"lastBranch":0,"lastFunction":2,"lastStatement":3,"seen":{"f:3:22:3:38":0,"s:4:16:12:Infinity":0,"s:14:2:14:Infinity":1,"f:14:19:14:20":1,"s:14:26:14:32":2}}}
,"C:\\Users\\ricar\\accountability-backend\\src\\modules\\user\\areas\\services\\updateareas.service.ts": {"path":"C:\\Users\\ricar\\accountability-backend\\src\\modules\\user\\areas\\services\\updateareas.service.ts","statementMap":{"0":{"start":{"line":8,"column":27},"end":{"line":22,"column":null}},"1":{"start":{"line":13,"column":33},"end":{"line":16,"column":8}},"2":{"start":{"line":24,"column":2},"end":{"line":24,"column":null}},"3":{"start":{"line":24,"column":33},"end":{"line":24,"column":39}}},"fnMap":{"0":{"name":"updateAreasService","decl":{"start":{"line":4,"column":22},"end":{"line":4,"column":null}},"loc":{"start":{"line":7,"column":2},"end":{"line":25,"column":null}},"line":7},"1":{"name":"(anonymous_1)","decl":{"start":{"line":13,"column":22},"end":{"line":13,"column":23}},"loc":{"start":{"line":13,"column":33},"end":{"line":16,"column":8}},"line":13},"2":{"name":"(anonymous_2)","decl":{"start":{"line":24,"column":26},"end":{"line":24,"column":27}},"loc":{"start":{"line":24,"column":33},"end":{"line":24,"column":39}},"line":24}},"branchMap":{},"s":{"0":0,"1":0,"2":0,"3":0},"f":{"0":0,"1":0,"2":0},"b":{},"meta":{"lastBranch":0,"lastFunction":3,"lastStatement":4,"seen":{"f:4:22:4:Infinity":0,"s:8:27:22:Infinity":0,"f:13:22:13:23":1,"s:13:33:16:8":1,"s:24:2:24:Infinity":2,"f:24:26:24:27":2,"s:24:33:24:39":3}}}
,"C:\\Users\\ricar\\accountability-backend\\src\\modules\\user\\auth\\controllers\\signin.controller.ts": {"path":"C:\\Users\\ricar\\accountability-backend\\src\\modules\\user\\auth\\controllers\\signin.controller.ts","statementMap":{"0":{"start":{"line":10,"column":2},"end":{"line":22,"column":null}},"1":{"start":{"line":11,"column":32},"end":{"line":11,"column":null}},"2":{"start":{"line":13,"column":30},"end":{"line":13,"column":null}},"3":{"start":{"line":15,"column":4},"end":{"line":19,"column":null}},"4":{"start":{"line":21,"column":4},"end":{"line":21,"column":null}}},"fnMap":{"0":{"name":"signinController","decl":{"start":{"line":5,"column":22},"end":{"line":5,"column":null}},"loc":{"start":{"line":9,"column":2},"end":{"line":23,"column":null}},"line":9}},"branchMap":{},"s":{"0":0,"1":0,"2":0,"3":0,"4":0},"f":{"0":0},"b":{},"meta":{"lastBranch":0,"lastFunction":1,"lastStatement":5,"seen":{"f:5:22:5:Infinity":0,"s:10:2:22:Infinity":0,"s:11:32:11:Infinity":1,"s:13:30:13:Infinity":2,"s:15:4:19:Infinity":3,"s:21:4:21:Infinity":4}}}
,"C:\\Users\\ricar\\accountability-backend\\src\\modules\\user\\auth\\controllers\\signup.controller.ts": {"path":"C:\\Users\\ricar\\accountability-backend\\src\\modules\\user\\auth\\controllers\\signup.controller.ts","statementMap":{"0":{"start":{"line":10,"column":2},"end":{"line":21,"column":null}},"1":{"start":{"line":11,"column":32},"end":{"line":11,"column":null}},"2":{"start":{"line":13,"column":17},"end":{"line":13,"column":null}},"3":{"start":{"line":15,"column":4},"end":{"line":18,"column":null}},"4":{"start":{"line":20,"column":4},"end":{"line":20,"column":null}}},"fnMap":{"0":{"name":"signupController","decl":{"start":{"line":5,"column":22},"end":{"line":5,"column":null}},"loc":{"start":{"line":9,"column":2},"end":{"line":22,"column":null}},"line":9}},"branchMap":{},"s":{"0":0,"1":0,"2":0,"3":0,"4":0},"f":{"0":0},"b":{},"meta":{"lastBranch":0,"lastFunction":1,"lastStatement":5,"seen":{"f:5:22:5:Infinity":0,"s:10:2:21:Infinity":0,"s:11:32:11:Infinity":1,"s:13:17:13:Infinity":2,"s:15:4:18:Infinity":3,"s:20:4:20:Infinity":4}}}
,"C:\\Users\\ricar\\accountability-backend\\src\\modules\\user\\auth\\middlewares\\authRateLimit.ts": {"path":"C:\\Users\\ricar\\accountability-backend\\src\\modules\\user\\auth\\middlewares\\authRateLimit.ts","statementMap":{"0":{"start":{"line":4,"column":13},"end":{"line":17,"column":null}},"1":{"start":{"line":11,"column":4},"end":{"line":15,"column":null}}},"fnMap":{"0":{"name":"(anonymous_0)","decl":{"start":{"line":10,"column":11},"end":{"line":10,"column":12}},"loc":{"start":{"line":10,"column":34},"end":{"line":16,"column":null}},"line":10}},"branchMap":{},"s":{"0":1,"1":0},"f":{"0":0},"b":{},"meta":{"lastBranch":0,"lastFunction":1,"lastStatement":2,"seen":{"s:4:13:17:Infinity":0,"f:10:11:10:12":0,"s:11:4:15:Infinity":1}}}
,"C:\\Users\\ricar\\accountability-backend\\src\\modules\\user\\auth\\schemas\\fields.ts": {"path":"C:\\Users\\ricar\\accountability-backend\\src\\modules\\user\\auth\\schemas\\fields.ts","statementMap":{"0":{"start":{"line":3,"column":26},"end":{"line":10,"column":null}},"1":{"start":{"line":5,"column":8},"end":{"line":5,"column":null}},"2":{"start":{"line":5,"column":37},"end":{"line":5,"column":null}},"3":{"start":{"line":6,"column":8},"end":{"line":6,"column":null}},"4":{"start":{"line":6,"column":41},"end":{"line":6,"column":null}},"5":{"start":{"line":7,"column":8},"end":{"line":7,"column":null}},"6":{"start":{"line":7,"column":43},"end":{"line":7,"column":null}},"7":{"start":{"line":8,"column":8},"end":{"line":8,"column":null}},"8":{"start":{"line":10,"column":20},"end":{"line":10,"column":44}},"9":{"start":{"line":12,"column":29},"end":{"line":18,"column":null}},"10":{"start":{"line":14,"column":8},"end":{"line":14,"column":null}},"11":{"start":{"line":14,"column":37},"end":{"line":14,"column":null}},"12":{"start":{"line":15,"column":8},"end":{"line":15,"column":null}},"13":{"start":{"line":15,"column":41},"end":{"line":15,"column":null}},"14":{"start":{"line":16,"column":8},"end":{"line":16,"column":null}},"15":{"start":{"line":18,"column":28},"end":{"line":18,"column":83}}},"fnMap":{"0":{"name":"(anonymous_0)","decl":{"start":{"line":4,"column":11},"end":{"line":4,"column":12}},"loc":{"start":{"line":4,"column":20},"end":{"line":9,"column":null}},"line":4},"1":{"name":"(anonymous_1)","decl":{"start":{"line":10,"column":13},"end":{"line":10,"column":20}},"loc":{"start":{"line":10,"column":20},"end":{"line":10,"column":44}},"line":10},"2":{"name":"(anonymous_2)","decl":{"start":{"line":13,"column":11},"end":{"line":13,"column":12}},"loc":{"start":{"line":13,"column":20},"end":{"line":17,"column":null}},"line":13},"3":{"name":"(anonymous_3)","decl":{"start":{"line":18,"column":19},"end":{"line":18,"column":20}},"loc":{"start":{"line":18,"column":28},"end":{"line":18,"column":83}},"line":18}},"branchMap":{"0":{"loc":{"start":{"line":5,"column":8},"end":{"line":5,"column":null}},"type":"if","locations":[{"start":{"line":5,"column":8},"end":{"line":5,"column":null}},{"start":{},"end":{}}],"line":5},"1":{"loc":{"start":{"line":6,"column":8},"end":{"line":6,"column":null}},"type":"if","locations":[{"start":{"line":6,"column":8},"end":{"line":6,"column":null}},{"start":{},"end":{}}],"line":6},"2":{"loc":{"start":{"line":7,"column":8},"end":{"line":7,"column":null}},"type":"if","locations":[{"start":{"line":7,"column":8},"end":{"line":7,"column":null}},{"start":{},"end":{}}],"line":7},"3":{"loc":{"start":{"line":14,"column":8},"end":{"line":14,"column":null}},"type":"if","locations":[{"start":{"line":14,"column":8},"end":{"line":14,"column":null}},{"start":{},"end":{}}],"line":14},"4":{"loc":{"start":{"line":15,"column":8},"end":{"line":15,"column":null}},"type":"if","locations":[{"start":{"line":15,"column":8},"end":{"line":15,"column":null}},{"start":{},"end":{}}],"line":15}},"s":{"0":1,"1":0,"2":0,"3":0,"4":0,"5":0,"6":0,"7":0,"8":0,"9":1,"10":0,"11":0,"12":0,"13":0,"14":0,"15":0},"f":{"0":0,"1":0,"2":0,"3":0},"b":{"0":[0,0],"1":[0,0],"2":[0,0],"3":[0,0],"4":[0,0]},"meta":{"lastBranch":5,"lastFunction":4,"lastStatement":16,"seen":{"s:3:26:10:Infinity":0,"f:4:11:4:12":0,"b:5:8:5:Infinity:undefined:undefined:undefined:undefined":0,"s:5:8:5:Infinity":1,"s:5:37:5:Infinity":2,"b:6:8:6:Infinity:undefined:undefined:undefined:undefined":1,"s:6:8:6:Infinity":3,"s:6:41:6:Infinity":4,"b:7:8:7:Infinity:undefined:undefined:undefined:undefined":2,"s:7:8:7:Infinity":5,"s:7:43:7:Infinity":6,"s:8:8:8:Infinity":7,"f:10:13:10:20":1,"s:10:20:10:44":8,"s:12:29:18:Infinity":9,"f:13:11:13:12":2,"b:14:8:14:Infinity:undefined:undefined:undefined:undefined":3,"s:14:8:14:Infinity":10,"s:14:37:14:Infinity":11,"b:15:8:15:Infinity:undefined:undefined:undefined:undefined":4,"s:15:8:15:Infinity":12,"s:15:41:15:Infinity":13,"s:16:8:16:Infinity":14,"f:18:19:18:20":3,"s:18:28:18:83":15}}}
,"C:\\Users\\ricar\\accountability-backend\\src\\modules\\user\\auth\\schemas\\signin.schema.ts": {"path":"C:\\Users\\ricar\\accountability-backend\\src\\modules\\user\\auth\\schemas\\signin.schema.ts","statementMap":{"0":{"start":{"line":4,"column":28},"end":{"line":9,"column":null}}},"fnMap":{},"branchMap":{},"s":{"0":1},"f":{},"b":{},"meta":{"lastBranch":0,"lastFunction":0,"lastStatement":1,"seen":{"s:4:28:9:Infinity":0}}}
,"C:\\Users\\ricar\\accountability-backend\\src\\modules\\user\\auth\\schemas\\signup.schema.ts": {"path":"C:\\Users\\ricar\\accountability-backend\\src\\modules\\user\\auth\\schemas\\signup.schema.ts","statementMap":{"0":{"start":{"line":4,"column":28},"end":{"line":18,"column":null}},"1":{"start":{"line":10,"column":16},"end":{"line":10,"column":null}},"2":{"start":{"line":10,"column":45},"end":{"line":10,"column":null}},"3":{"start":{"line":11,"column":16},"end":{"line":11,"column":null}},"4":{"start":{"line":14,"column":22},"end":{"line":14,"column":62}}},"fnMap":{"0":{"name":"(anonymous_0)","decl":{"start":{"line":9,"column":19},"end":{"line":9,"column":20}},"loc":{"start":{"line":9,"column":28},"end":{"line":12,"column":null}},"line":9},"1":{"name":"(anonymous_1)","decl":{"start":{"line":14,"column":14},"end":{"line":14,"column":22}},"loc":{"start":{"line":14,"column":22},"end":{"line":14,"column":62}},"line":14}},"branchMap":{"0":{"loc":{"start":{"line":10,"column":16},"end":{"line":10,"column":null}},"type":"if","locations":[{"start":{"line":10,"column":16},"end":{"line":10,"column":null}},{"start":{},"end":{}}],"line":10}},"s":{"0":1,"1":0,"2":0,"3":0,"4":0},"f":{"0":0,"1":0},"b":{"0":[0,0]},"meta":{"lastBranch":1,"lastFunction":2,"lastStatement":5,"seen":{"s:4:28:18:Infinity":0,"f:9:19:9:20":0,"b:10:16:10:Infinity:undefined:undefined:undefined:undefined":0,"s:10:16:10:Infinity":1,"s:10:45:10:Infinity":2,"s:11:16:11:Infinity":3,"f:14:14:14:22":1,"s:14:22:14:62":4}}}
,"C:\\Users\\ricar\\accountability-backend\\src\\modules\\user\\auth\\services\\signin.service.ts": {"path":"C:\\Users\\ricar\\accountability-backend\\src\\modules\\user\\auth\\services\\signin.service.ts","statementMap":{"0":{"start":{"line":5,"column":26},"end":{"line":8,"column":null}},"1":{"start":{"line":10,"column":2},"end":{"line":11,"column":null}},"2":{"start":{"line":11,"column":4},"end":{"line":11,"column":null}},"3":{"start":{"line":13,"column":2},"end":{"line":13,"column":null}}},"fnMap":{"0":{"name":"signinService","decl":{"start":{"line":4,"column":22},"end":{"line":4,"column":36}},"loc":{"start":{"line":4,"column":69},"end":{"line":14,"column":null}},"line":4}},"branchMap":{"0":{"loc":{"start":{"line":10,"column":2},"end":{"line":11,"column":null}},"type":"if","locations":[{"start":{"line":10,"column":2},"end":{"line":11,"column":null}},{"start":{},"end":{}}],"line":10}},"s":{"0":0,"1":0,"2":0,"3":0},"f":{"0":0},"b":{"0":[0,0]},"meta":{"lastBranch":1,"lastFunction":1,"lastStatement":4,"seen":{"f:4:22:4:36":0,"s:5:26:8:Infinity":0,"b:10:2:11:Infinity:undefined:undefined:undefined:undefined":0,"s:10:2:11:Infinity":1,"s:11:4:11:Infinity":2,"s:13:2:13:Infinity":3}}}
,"C:\\Users\\ricar\\accountability-backend\\src\\modules\\user\\auth\\services\\signup.service.ts": {"path":"C:\\Users\\ricar\\accountability-backend\\src\\modules\\user\\auth\\services\\signup.service.ts","statementMap":{"0":{"start":{"line":5,"column":26},"end":{"line":8,"column":null}},"1":{"start":{"line":10,"column":2},"end":{"line":12,"column":null}},"2":{"start":{"line":11,"column":4},"end":{"line":11,"column":null}},"3":{"start":{"line":14,"column":2},"end":{"line":14,"column":null}},"4":{"start":{"line":14,"column":18},"end":{"line":14,"column":null}},"5":{"start":{"line":16,"column":2},"end":{"line":16,"column":null}}},"fnMap":{"0":{"name":"signupService","decl":{"start":{"line":4,"column":22},"end":{"line":4,"column":36}},"loc":{"start":{"line":4,"column":69},"end":{"line":17,"column":null}},"line":4}},"branchMap":{"0":{"loc":{"start":{"line":10,"column":2},"end":{"line":12,"column":null}},"type":"if","locations":[{"start":{"line":10,"column":2},"end":{"line":12,"column":null}},{"start":{},"end":{}}],"line":10},"1":{"loc":{"start":{"line":14,"column":2},"end":{"line":14,"column":null}},"type":"if","locations":[{"start":{"line":14,"column":2},"end":{"line":14,"column":null}},{"start":{},"end":{}}],"line":14}},"s":{"0":0,"1":0,"2":0,"3":0,"4":0,"5":0},"f":{"0":0},"b":{"0":[0,0],"1":[0,0]},"meta":{"lastBranch":2,"lastFunction":1,"lastStatement":6,"seen":{"f:4:22:4:36":0,"s:5:26:8:Infinity":0,"b:10:2:12:Infinity:undefined:undefined:undefined:undefined":0,"s:10:2:12:Infinity":1,"s:11:4:11:Infinity":2,"b:14:2:14:Infinity:undefined:undefined:undefined:undefined":1,"s:14:2:14:Infinity":3,"s:14:18:14:Infinity":4,"s:16:2:16:Infinity":5}}}
,"C:\\Users\\ricar\\accountability-backend\\src\\modules\\user\\user-profile\\routes.ts": {"path":"C:\\Users\\ricar\\accountability-backend\\src\\modules\\user\\user-profile\\routes.ts","statementMap":{"0":{"start":{"line":7,"column":6},"end":{"line":7,"column":null}},"1":{"start":{"line":9,"column":0},"end":{"line":9,"column":null}},"2":{"start":{"line":11,"column":0},"end":{"line":16,"column":null}},"3":{"start":{"line":18,"column":0},"end":{"line":18,"column":null}}},"fnMap":{},"branchMap":{},"s":{"0":1,"1":1,"2":1,"3":1},"f":{},"b":{},"meta":{"lastBranch":0,"lastFunction":0,"lastStatement":4,"seen":{"s:7:6:7:Infinity":0,"s:9:0:9:Infinity":1,"s:11:0:16:Infinity":2,"s:18:0:18:Infinity":3}}}
,"C:\\Users\\ricar\\accountability-backend\\src\\modules\\user\\user-profile\\controllers\\userProfile.controller.ts": {"path":"C:\\Users\\ricar\\accountability-backend\\src\\modules\\user\\user-profile\\controllers\\userProfile.controller.ts","statementMap":{"0":{"start":{"line":5,"column":38},"end":{"line":35,"column":null}},"1":{"start":{"line":7,"column":4},"end":{"line":12,"column":null}},"2":{"start":{"line":8,"column":22},"end":{"line":8,"column":null}},"3":{"start":{"line":9,"column":6},"end":{"line":9,"column":null}},"4":{"start":{"line":11,"column":6},"end":{"line":11,"column":null}},"5":{"start":{"line":16,"column":4},"end":{"line":24,"column":null}},"6":{"start":{"line":17,"column":22},"end":{"line":20,"column":null}},"7":{"start":{"line":21,"column":6},"end":{"line":21,"column":null}},"8":{"start":{"line":23,"column":6},"end":{"line":23,"column":null}},"9":{"start":{"line":28,"column":4},"end":{"line":33,"column":null}},"10":{"start":{"line":29,"column":6},"end":{"line":29,"column":null}},"11":{"start":{"line":30,"column":6},"end":{"line":30,"column":null}},"12":{"start":{"line":32,"column":6},"end":{"line":32,"column":null}}},"fnMap":{"0":{"name":"(anonymous_0)","decl":{"start":{"line":6,"column":8},"end":{"line":6,"column":19}},"loc":{"start":{"line":6,"column":68},"end":{"line":13,"column":null}},"line":6},"1":{"name":"(anonymous_1)","decl":{"start":{"line":15,"column":8},"end":{"line":15,"column":22}},"loc":{"start":{"line":15,"column":71},"end":{"line":25,"column":null}},"line":15},"2":{"name":"(anonymous_2)","decl":{"start":{"line":27,"column":8},"end":{"line":27,"column":22}},"loc":{"start":{"line":27,"column":71},"end":{"line":34,"column":null}},"line":27}},"branchMap":{},"s":{"0":1,"1":0,"2":0,"3":0,"4":0,"5":0,"6":0,"7":0,"8":0,"9":0,"10":0,"11":0,"12":0},"f":{"0":0,"1":0,"2":0},"b":{},"meta":{"lastBranch":0,"lastFunction":3,"lastStatement":13,"seen":{"s:5:38:35:Infinity":0,"f:6:8:6:19":0,"s:7:4:12:Infinity":1,"s:8:22:8:Infinity":2,"s:9:6:9:Infinity":3,"s:11:6:11:Infinity":4,"f:15:8:15:22":1,"s:16:4:24:Infinity":5,"s:17:22:20:Infinity":6,"s:21:6:21:Infinity":7,"s:23:6:23:Infinity":8,"f:27:8:27:22":2,"s:28:4:33:Infinity":9,"s:29:6:29:Infinity":10,"s:30:6:30:Infinity":11,"s:32:6:32:Infinity":12}}}
,"C:\\Users\\ricar\\accountability-backend\\src\\modules\\user\\user-profile\\repositories\\userProfile.repository.ts": {"path":"C:\\Users\\ricar\\accountability-backend\\src\\modules\\user\\user-profile\\repositories\\userProfile.repository.ts","statementMap":{"0":{"start":{"line":4,"column":37},"end":{"line":24,"column":null}},"1":{"start":{"line":6,"column":4},"end":{"line":8,"column":null}},"2":{"start":{"line":12,"column":4},"end":{"line":15,"column":null}},"3":{"start":{"line":19,"column":4},"end":{"line":22,"column":null}}},"fnMap":{"0":{"name":"(anonymous_0)","decl":{"start":{"line":5,"column":8},"end":{"line":5,"column":17}},"loc":{"start":{"line":5,"column":33},"end":{"line":9,"column":null}},"line":5},"1":{"name":"(anonymous_1)","decl":{"start":{"line":11,"column":8},"end":{"line":11,"column":15}},"loc":{"start":{"line":11,"column":52},"end":{"line":16,"column":null}},"line":11},"2":{"name":"(anonymous_2)","decl":{"start":{"line":18,"column":8},"end":{"line":18,"column":15}},"loc":{"start":{"line":18,"column":31},"end":{"line":23,"column":null}},"line":18}},"branchMap":{},"s":{"0":1,"1":0,"2":0,"3":0},"f":{"0":0,"1":0,"2":0},"b":{},"meta":{"lastBranch":0,"lastFunction":3,"lastStatement":4,"seen":{"s:4:37:24:Infinity":0,"f:5:8:5:17":0,"s:6:4:8:Infinity":1,"f:11:8:11:15":1,"s:12:4:15:Infinity":2,"f:18:8:18:15":2,"s:19:4:22:Infinity":3}}}
,"C:\\Users\\ricar\\accountability-backend\\src\\modules\\user\\user-profile\\schemas\\updateProfile.schema.ts": {"path":"C:\\Users\\ricar\\accountability-backend\\src\\modules\\user\\user-profile\\schemas\\updateProfile.schema.ts","statementMap":{"0":{"start":{"line":3,"column":32},"end":{"line":24,"column":null}},"1":{"start":{"line":15,"column":6},"end":{"line":17,"column":null}},"2":{"start":{"line":21,"column":4},"end":{"line":23,"column":null}},"3":{"start":{"line":22,"column":45},"end":{"line":22,"column":60}},"4":{"start":{"line":26,"column":35},"end":{"line":28,"column":null}}},"fnMap":{"0":{"name":"(anonymous_0)","decl":{"start":{"line":14,"column":4},"end":{"line":14,"column":5}},"loc":{"start":{"line":15,"column":6},"end":{"line":17,"column":null}},"line":15},"1":{"name":"(anonymous_1)","decl":{"start":{"line":20,"column":13},"end":{"line":20,"column":14}},"loc":{"start":{"line":20,"column":23},"end":{"line":24,"column":3}},"line":20},"2":{"name":"(anonymous_2)","decl":{"start":{"line":22,"column":34},"end":{"line":22,"column":35}},"loc":{"start":{"line":22,"column":45},"end":{"line":22,"column":60}},"line":22}},"branchMap":{"0":{"loc":{"start":{"line":15,"column":6},"end":{"line":17,"column":null}},"type":"binary-expr","locations":[{"start":{"line":15,"column":6},"end":{"line":15,"column":null}},{"start":{"line":16,"column":6},"end":{"line":16,"column":null}},{"start":{"line":17,"column":6},"end":{"line":17,"column":null}}],"line":15}},"s":{"0":1,"1":0,"2":0,"3":0,"4":1},"f":{"0":0,"1":0,"2":0},"b":{"0":[0,0,0]},"meta":{"lastBranch":1,"lastFunction":3,"lastStatement":5,"seen":{"s:3:32:24:Infinity":0,"f:14:4:14:5":0,"s:15:6:17:Infinity":1,"b:15:6:15:Infinity:16:6:16:Infinity:17:6:17:Infinity":0,"f:20:13:20:14":1,"s:21:4:23:Infinity":2,"f:22:34:22:35":2,"s:22:45:22:60":3,"s:26:35:28:Infinity":4}}}
,"C:\\Users\\ricar\\accountability-backend\\src\\modules\\user\\user-profile\\services\\userProfile.service.ts": {"path":"C:\\Users\\ricar\\accountability-backend\\src\\modules\\user\\user-profile\\services\\userProfile.service.ts","statementMap":{"0":{"start":{"line":8,"column":18},"end":{"line":8,"column":null}},"1":{"start":{"line":10,"column":2},"end":{"line":12,"column":null}},"2":{"start":{"line":11,"column":4},"end":{"line":11,"column":null}},"3":{"start":{"line":14,"column":2},"end":{"line":14,"column":null}},"4":{"start":{"line":17,"column":35},"end":{"line":46,"column":null}},"5":{"start":{"line":19,"column":4},"end":{"line":23,"column":null}},"6":{"start":{"line":20,"column":6},"end":{"line":20,"column":null}},"7":{"start":{"line":22,"column":6},"end":{"line":22,"column":null}},"8":{"start":{"line":30,"column":4},"end":{"line":35,"column":null}},"9":{"start":{"line":31,"column":6},"end":{"line":31,"column":null}},"10":{"start":{"line":32,"column":6},"end":{"line":32,"column":null}},"11":{"start":{"line":34,"column":6},"end":{"line":34,"column":null}},"12":{"start":{"line":39,"column":4},"end":{"line":44,"column":null}},"13":{"start":{"line":40,"column":6},"end":{"line":40,"column":null}},"14":{"start":{"line":41,"column":6},"end":{"line":41,"column":null}},"15":{"start":{"line":43,"column":6},"end":{"line":43,"column":null}}},"fnMap":{"0":{"name":"fetchActiveProfile","decl":{"start":{"line":7,"column":15},"end":{"line":7,"column":34}},"loc":{"start":{"line":7,"column":72},"end":{"line":15,"column":null}},"line":7},"1":{"name":"(anonymous_1)","decl":{"start":{"line":18,"column":8},"end":{"line":18,"column":19}},"loc":{"start":{"line":18,"column":57},"end":{"line":24,"column":null}},"line":18},"2":{"name":"(anonymous_2)","decl":{"start":{"line":26,"column":8},"end":{"line":26,"column":null}},"loc":{"start":{"line":29,"column":26},"end":{"line":36,"column":null}},"line":29},"3":{"name":"(anonymous_3)","decl":{"start":{"line":38,"column":8},"end":{"line":38,"column":22}},"loc":{"start":{"line":38,"column":53},"end":{"line":45,"column":null}},"line":38}},"branchMap":{"0":{"loc":{"start":{"line":10,"column":2},"end":{"line":12,"column":null}},"type":"if","locations":[{"start":{"line":10,"column":2},"end":{"line":12,"column":null}},{"start":{},"end":{}}],"line":10},"1":{"loc":{"start":{"line":10,"column":6},"end":{"line":10,"column":69}},"type":"binary-expr","locations":[{"start":{"line":10,"column":6},"end":{"line":10,"column":18}},{"start":{"line":10,"column":18},"end":{"line":10,"column":39}},{"start":{"line":10,"column":39},"end":{"line":10,"column":69}}],"line":10}},"s":{"0":0,"1":0,"2":0,"3":0,"4":1,"5":0,"6":0,"7":0,"8":0,"9":0,"10":0,"11":0,"12":0,"13":0,"14":0,"15":0},"f":{"0":0,"1":0,"2":0,"3":0},"b":{"0":[0,0],"1":[0,0,0]},"meta":{"lastBranch":2,"lastFunction":4,"lastStatement":16,"seen":{"f:7:15:7:34":0,"s:8:18:8:Infinity":0,"b:10:2:12:Infinity:undefined:undefined:undefined:undefined":0,"s:10:2:12:Infinity":1,"b:10:6:10:18:10:18:10:39:10:39:10:69":1,"s:11:4:11:Infinity":2,"s:14:2:14:Infinity":3,"s:17:35:46:Infinity":4,"f:18:8:18:19":1,"s:19:4:23:Infinity":5,"s:20:6:20:Infinity":6,"s:22:6:22:Infinity":7,"f:26:8:26:Infinity":2,"s:30:4:35:Infinity":8,"s:31:6:31:Infinity":9,"s:32:6:32:Infinity":10,"s:34:6:34:Infinity":11,"f:38:8:38:22":3,"s:39:4:44:Infinity":12,"s:40:6:40:Infinity":13,"s:41:6:41:Infinity":14,"s:43:6:43:Infinity":15}}}
,"C:\\Users\\ricar\\accountability-backend\\src\\modules\\user\\user-profile\\utils\\handleUserProfileError.ts": {"path":"C:\\Users\\ricar\\accountability-backend\\src\\modules\\user\\user-profile\\utils\\handleUserProfileError.ts","statementMap":{"0":{"start":{"line":5,"column":2},"end":{"line":9,"column":null}},"1":{"start":{"line":6,"column":4},"end":{"line":8,"column":null}},"2":{"start":{"line":7,"column":6},"end":{"line":7,"column":null}},"3":{"start":{"line":10,"column":2},"end":{"line":10,"column":null}}},"fnMap":{"0":{"name":"handleUserProfileError","decl":{"start":{"line":4,"column":16},"end":{"line":4,"column":39}},"loc":{"start":{"line":4,"column":59},"end":{"line":11,"column":null}},"line":4}},"branchMap":{"0":{"loc":{"start":{"line":5,"column":2},"end":{"line":9,"column":null}},"type":"if","locations":[{"start":{"line":5,"column":2},"end":{"line":9,"column":null}},{"start":{},"end":{}}],"line":5},"1":{"loc":{"start":{"line":6,"column":4},"end":{"line":8,"column":null}},"type":"if","locations":[{"start":{"line":6,"column":4},"end":{"line":8,"column":null}},{"start":{},"end":{}}],"line":6}},"s":{"0":0,"1":0,"2":0,"3":0},"f":{"0":0},"b":{"0":[0,0],"1":[0,0]},"meta":{"lastBranch":2,"lastFunction":1,"lastStatement":4,"seen":{"f:4:16:4:39":0,"b:5:2:9:Infinity:undefined:undefined:undefined:undefined":0,"s:5:2:9:Infinity":0,"b:6:4:8:Infinity:undefined:undefined:undefined:undefined":1,"s:6:4:8:Infinity":1,"s:7:6:7:Infinity":2,"s:10:2:10:Infinity":3}}}
,"C:\\Users\\ricar\\accountability-backend\\src\\shared\\utils\\apiResponse.ts": {"path":"C:\\Users\\ricar\\accountability-backend\\src\\shared\\utils\\apiResponse.ts","statementMap":{"0":{"start":{"line":9,"column":2},"end":{"line":13,"column":null}},"1":{"start":{"line":22,"column":2},"end":{"line":28,"column":null}}},"fnMap":{"0":{"name":"successResponse","decl":{"start":{"line":3,"column":16},"end":{"line":3,"column":null}},"loc":{"start":{"line":8,"column":2},"end":{"line":14,"column":null}},"line":8},"1":{"name":"errorResponse","decl":{"start":{"line":16,"column":16},"end":{"line":16,"column":null}},"loc":{"start":{"line":21,"column":2},"end":{"line":29,"column":null}},"line":21}},"branchMap":{"0":{"loc":{"start":{"line":7,"column":2},"end":{"line":7,"column":null}},"type":"default-arg","locations":[{"start":{"line":7,"column":11},"end":{"line":7,"column":null}}],"line":7},"1":{"loc":{"start":{"line":20,"column":2},"end":{"line":20,"column":null}},"type":"default-arg","locations":[{"start":{"line":20,"column":11},"end":{"line":20,"column":null}}],"line":20}},"s":{"0":0,"1":0},"f":{"0":0,"1":0},"b":{"0":[0],"1":[0]},"meta":{"lastBranch":2,"lastFunction":2,"lastStatement":2,"seen":{"f:3:16:3:Infinity":0,"b:7:11:7:Infinity":0,"s:9:2:13:Infinity":0,"f:16:16:16:Infinity":1,"b:20:11:20:Infinity":1,"s:22:2:28:Infinity":1}}}
}
