{"C:\\Users\\ricar\\accountability-backend\\src\\app.ts": {"path":"C:\\Users\\ricar\\accountability-backend\\src\\app.ts","statementMap":{"0":{"start":{"line":7,"column":6},"end":{"line":7,"column":null}},"1":{"start":{"line":9,"column":0},"end":{"line":9,"column":null}},"2":{"start":{"line":12,"column":0},"end":{"line":12,"column":null}},"3":{"start":{"line":14,"column":0},"end":{"line":14,"column":null}},"4":{"start":{"line":16,"column":0},"end":{"line":16,"column":null}},"5":{"start":{"line":18,"column":0},"end":{"line":18,"column":null}}},"fnMap":{},"branchMap":{},"s":{"0":1,"1":1,"2":1,"3":1,"4":1,"5":1},"f":{},"b":{},"meta":{"lastBranch":0,"lastFunction":0,"lastStatement":6,"seen":{"s:7:6:7:Infinity":0,"s:9:0:9:Infinity":1,"s:12:0:12:Infinity":2,"s:14:0:14:Infinity":3,"s:16:0:16:Infinity":4,"s:18:0:18:Infinity":5}}}
,"C:\\Users\\ricar\\accountability-backend\\src\\config\\env.ts": {"path":"C:\\Users\\ricar\\accountability-backend\\src\\config\\env.ts","statementMap":{"0":{"start":{"line":4,"column":0},"end":{"line":4,"column":null}},"1":{"start":{"line":6,"column":18},"end":{"line":12,"column":null}},"2":{"start":{"line":14,"column":22},"end":{"line":14,"column":null}}},"fnMap":{},"branchMap":{},"s":{"0":1,"1":1,"2":1},"f":{},"b":{},"meta":{"lastBranch":0,"lastFunction":0,"lastStatement":3,"seen":{"s:4:0:4:Infinity":0,"s:6:18:12:Infinity":1,"s:14:22:14:Infinity":2}}}
,"C:\\Users\\ricar\\accountability-backend\\src\\core\\errors\\AppError.ts": {"path":"C:\\Users\\ricar\\accountability-backend\\src\\core\\errors\\AppError.ts","statementMap":{"0":{"start":{"line":10,"column":8},"end":{"line":10,"column":null}},"1":{"start":{"line":12,"column":8},"end":{"line":12,"column":null}},"2":{"start":{"line":13,"column":8},"end":{"line":13,"column":null}},"3":{"start":{"line":15,"column":8},"end":{"line":15,"column":null}}},"fnMap":{"0":{"name":"(anonymous_0)","decl":{"start":{"line":5,"column":4},"end":{"line":5,"column":null}},"loc":{"start":{"line":9,"column":5},"end":{"line":16,"column":null}},"line":9}},"branchMap":{"0":{"loc":{"start":{"line":8,"column":8},"end":{"line":8,"column":null}},"type":"default-arg","locations":[{"start":{"line":8,"column":21},"end":{"line":8,"column":null}}],"line":8}},"s":{"0":0,"1":0,"2":0,"3":0},"f":{"0":0},"b":{"0":[0]},"meta":{"lastBranch":1,"lastFunction":1,"lastStatement":4,"seen":{"f:5:4:5:Infinity":0,"b:8:21:8:Infinity":0,"s:10:8:10:Infinity":0,"s:12:8:12:Infinity":1,"s:13:8:13:Infinity":2,"s:15:8:15:Infinity":3}}}
,"C:\\Users\\ricar\\accountability-backend\\src\\core\\http\\health.routes.ts": {"path":"C:\\Users\\ricar\\accountability-backend\\src\\core\\http\\health.routes.ts","statementMap":{"0":{"start":{"line":4,"column":6},"end":{"line":4,"column":null}},"1":{"start":{"line":6,"column":0},"end":{"line":17,"column":null}},"2":{"start":{"line":7,"column":4},"end":{"line":16,"column":null}},"3":{"start":{"line":8,"column":8},"end":{"line":8,"column":null}},"4":{"start":{"line":10,"column":8},"end":{"line":13,"column":null}},"5":{"start":{"line":15,"column":8},"end":{"line":15,"column":null}}},"fnMap":{"0":{"name":"(anonymous_0)","decl":{"start":{"line":6,"column":22},"end":{"line":6,"column":29}},"loc":{"start":{"line":6,"column":48},"end":{"line":17,"column":1}},"line":6}},"branchMap":{},"s":{"0":1,"1":1,"2":37,"3":37,"4":37,"5":0},"f":{"0":37},"b":{},"meta":{"lastBranch":0,"lastFunction":1,"lastStatement":6,"seen":{"s:4:6:4:Infinity":0,"s:6:0:17:Infinity":1,"f:6:22:6:29":0,"s:7:4:16:Infinity":2,"s:8:8:8:Infinity":3,"s:10:8:13:Infinity":4,"s:15:8:15:Infinity":5}}}
,"C:\\Users\\ricar\\accountability-backend\\src\\lib\\prisma.ts": {"path":"C:\\Users\\ricar\\accountability-backend\\src\\lib\\prisma.ts","statementMap":{"0":{"start":{"line":6,"column":13},"end":{"line":8,"column":null}},"1":{"start":{"line":10,"column":16},"end":{"line":10,"column":null}},"2":{"start":{"line":12,"column":22},"end":{"line":18,"column":null}}},"fnMap":{},"branchMap":{"0":{"loc":{"start":{"line":15,"column":4},"end":{"line":17,"column":null}},"type":"cond-expr","locations":[{"start":{"line":16,"column":8},"end":{"line":16,"column":null}},{"start":{"line":17,"column":8},"end":{"line":17,"column":null}}],"line":15}},"s":{"0":1,"1":1,"2":1},"f":{},"b":{"0":[0,1]},"meta":{"lastBranch":1,"lastFunction":0,"lastStatement":3,"seen":{"s:6:13:8:Infinity":0,"s:10:16:10:Infinity":1,"s:12:22:18:Infinity":2,"b:16:8:16:Infinity:17:8:17:Infinity":0}}}
,"C:\\Users\\ricar\\accountability-backend\\src\\lib\\supabase.ts": {"path":"C:\\Users\\ricar\\accountability-backend\\src\\lib\\supabase.ts","statementMap":{"0":{"start":{"line":4,"column":13},"end":{"line":7,"column":null}}},"fnMap":{},"branchMap":{},"s":{"0":1},"f":{},"b":{},"meta":{"lastBranch":0,"lastFunction":0,"lastStatement":1,"seen":{"s:4:13:7:Infinity":0}}}
,"C:\\Users\\ricar\\accountability-backend\\src\\middlewares\\errorHandler.ts": {"path":"C:\\Users\\ricar\\accountability-backend\\src\\middlewares\\errorHandler.ts","statementMap":{"0":{"start":{"line":12,"column":4},"end":{"line":19,"column":null}},"1":{"start":{"line":13,"column":8},"end":{"line":18,"column":null}},"2":{"start":{"line":21,"column":4},"end":{"line":30,"column":null}},"3":{"start":{"line":22,"column":8},"end":{"line":29,"column":null}},"4":{"start":{"line":32,"column":4},"end":{"line":32,"column":null}},"5":{"start":{"line":34,"column":4},"end":{"line":39,"column":null}}},"fnMap":{"0":{"name":"errorHandler","decl":{"start":{"line":6,"column":16},"end":{"line":6,"column":null}},"loc":{"start":{"line":11,"column":2},"end":{"line":41,"column":null}},"line":11}},"branchMap":{"0":{"loc":{"start":{"line":12,"column":4},"end":{"line":19,"column":null}},"type":"if","locations":[{"start":{"line":12,"column":4},"end":{"line":19,"column":null}},{"start":{},"end":{}}],"line":12},"1":{"loc":{"start":{"line":21,"column":4},"end":{"line":30,"column":null}},"type":"if","locations":[{"start":{"line":21,"column":4},"end":{"line":30,"column":null}},{"start":{},"end":{}}],"line":21}},"s":{"0":0,"1":0,"2":0,"3":0,"4":0,"5":0},"f":{"0":0},"b":{"0":[0,0],"1":[0,0]},"meta":{"lastBranch":2,"lastFunction":1,"lastStatement":6,"seen":{"f:6:16:6:Infinity":0,"b:12:4:19:Infinity:undefined:undefined:undefined:undefined":0,"s:12:4:19:Infinity":0,"s:13:8:18:Infinity":1,"b:21:4:30:Infinity:undefined:undefined:undefined:undefined":1,"s:21:4:30:Infinity":2,"s:22:8:29:Infinity":3,"s:32:4:32:Infinity":4,"s:34:4:39:Infinity":5}}}
,"C:\\Users\\ricar\\accountability-backend\\src\\middlewares\\generalRateLimit.ts": {"path":"C:\\Users\\ricar\\accountability-backend\\src\\middlewares\\generalRateLimit.ts","statementMap":{"0":{"start":{"line":4,"column":13},"end":{"line":17,"column":null}},"1":{"start":{"line":11,"column":4},"end":{"line":15,"column":null}}},"fnMap":{"0":{"name":"(anonymous_0)","decl":{"start":{"line":10,"column":11},"end":{"line":10,"column":12}},"loc":{"start":{"line":10,"column":34},"end":{"line":16,"column":null}},"line":10}},"branchMap":{},"s":{"0":1,"1":0},"f":{"0":0},"b":{},"meta":{"lastBranch":0,"lastFunction":1,"lastStatement":2,"seen":{"s:4:13:17:Infinity":0,"f:10:11:10:12":0,"s:11:4:15:Infinity":1}}}
,"C:\\Users\\ricar\\accountability-backend\\src\\middlewares\\validateRequest.ts": {"path":"C:\\Users\\ricar\\accountability-backend\\src\\middlewares\\validateRequest.ts","statementMap":{"0":{"start":{"line":5,"column":4},"end":{"line":26,"column":null}},"1":{"start":{"line":6,"column":23},"end":{"line":10,"column":null}},"2":{"start":{"line":12,"column":8},"end":{"line":14,"column":null}},"3":{"start":{"line":13,"column":12},"end":{"line":13,"column":null}},"4":{"start":{"line":16,"column":21},"end":{"line":16,"column":null}},"5":{"start":{"line":22,"column":8},"end":{"line":22,"column":null}},"6":{"start":{"line":23,"column":8},"end":{"line":23,"column":null}},"7":{"start":{"line":25,"column":8},"end":{"line":25,"column":null}}},"fnMap":{"0":{"name":"validateRequest","decl":{"start":{"line":4,"column":16},"end":{"line":4,"column":32}},"loc":{"start":{"line":4,"column":51},"end":{"line":27,"column":null}},"line":4},"1":{"name":"(anonymous_1)","decl":{"start":{"line":5,"column":11},"end":{"line":5,"column":12}},"loc":{"start":{"line":5,"column":64},"end":{"line":26,"column":null}},"line":5}},"branchMap":{"0":{"loc":{"start":{"line":12,"column":8},"end":{"line":14,"column":null}},"type":"if","locations":[{"start":{"line":12,"column":8},"end":{"line":14,"column":null}},{"start":{},"end":{}}],"line":12}},"s":{"0":2,"1":0,"2":0,"3":0,"4":0,"5":0,"6":0,"7":0},"f":{"0":2,"1":0},"b":{"0":[0,0]},"meta":{"lastBranch":1,"lastFunction":2,"lastStatement":8,"seen":{"f:4:16:4:32":0,"s:5:4:26:Infinity":0,"f:5:11:5:12":1,"s:6:23:10:Infinity":1,"b:12:8:14:Infinity:undefined:undefined:undefined:undefined":0,"s:12:8:14:Infinity":2,"s:13:12:13:Infinity":3,"s:16:21:16:Infinity":4,"s:22:8:22:Infinity":5,"s:23:8:23:Infinity":6,"s:25:8:25:Infinity":7}}}
,"C:\\Users\\ricar\\accountability-backend\\src\\modules\\user\\auth\\routes.ts": {"path":"C:\\Users\\ricar\\accountability-backend\\src\\modules\\user\\auth\\routes.ts","statementMap":{"0":{"start":{"line":9,"column":6},"end":{"line":9,"column":null}},"1":{"start":{"line":11,"column":0},"end":{"line":11,"column":null}},"2":{"start":{"line":12,"column":0},"end":{"line":12,"column":null}}},"fnMap":{},"branchMap":{},"s":{"0":1,"1":1,"2":1},"f":{},"b":{},"meta":{"lastBranch":0,"lastFunction":0,"lastStatement":3,"seen":{"s:9:6:9:Infinity":0,"s:11:0:11:Infinity":1,"s:12:0:12:Infinity":2}}}
,"C:\\Users\\ricar\\accountability-backend\\src\\modules\\user\\auth\\controllers\\signin.controller.ts": {"path":"C:\\Users\\ricar\\accountability-backend\\src\\modules\\user\\auth\\controllers\\signin.controller.ts","statementMap":{"0":{"start":{"line":10,"column":2},"end":{"line":22,"column":null}},"1":{"start":{"line":11,"column":32},"end":{"line":11,"column":null}},"2":{"start":{"line":13,"column":30},"end":{"line":13,"column":null}},"3":{"start":{"line":15,"column":4},"end":{"line":19,"column":null}},"4":{"start":{"line":21,"column":4},"end":{"line":21,"column":null}}},"fnMap":{"0":{"name":"signinController","decl":{"start":{"line":5,"column":22},"end":{"line":5,"column":null}},"loc":{"start":{"line":9,"column":2},"end":{"line":23,"column":null}},"line":9}},"branchMap":{},"s":{"0":0,"1":0,"2":0,"3":0,"4":0},"f":{"0":0},"b":{},"meta":{"lastBranch":0,"lastFunction":1,"lastStatement":5,"seen":{"f:5:22:5:Infinity":0,"s:10:2:22:Infinity":0,"s:11:32:11:Infinity":1,"s:13:30:13:Infinity":2,"s:15:4:19:Infinity":3,"s:21:4:21:Infinity":4}}}
,"C:\\Users\\ricar\\accountability-backend\\src\\modules\\user\\auth\\controllers\\signup.controller.ts": {"path":"C:\\Users\\ricar\\accountability-backend\\src\\modules\\user\\auth\\controllers\\signup.controller.ts","statementMap":{"0":{"start":{"line":10,"column":2},"end":{"line":21,"column":null}},"1":{"start":{"line":11,"column":32},"end":{"line":11,"column":null}},"2":{"start":{"line":13,"column":17},"end":{"line":13,"column":null}},"3":{"start":{"line":15,"column":4},"end":{"line":18,"column":null}},"4":{"start":{"line":20,"column":4},"end":{"line":20,"column":null}}},"fnMap":{"0":{"name":"signupController","decl":{"start":{"line":5,"column":22},"end":{"line":5,"column":null}},"loc":{"start":{"line":9,"column":2},"end":{"line":22,"column":null}},"line":9}},"branchMap":{},"s":{"0":0,"1":0,"2":0,"3":0,"4":0},"f":{"0":0},"b":{},"meta":{"lastBranch":0,"lastFunction":1,"lastStatement":5,"seen":{"f:5:22:5:Infinity":0,"s:10:2:21:Infinity":0,"s:11:32:11:Infinity":1,"s:13:17:13:Infinity":2,"s:15:4:18:Infinity":3,"s:20:4:20:Infinity":4}}}
,"C:\\Users\\ricar\\accountability-backend\\src\\modules\\user\\auth\\middlewares\\authRateLimit.ts": {"path":"C:\\Users\\ricar\\accountability-backend\\src\\modules\\user\\auth\\middlewares\\authRateLimit.ts","statementMap":{"0":{"start":{"line":4,"column":13},"end":{"line":17,"column":null}},"1":{"start":{"line":11,"column":4},"end":{"line":15,"column":null}}},"fnMap":{"0":{"name":"(anonymous_0)","decl":{"start":{"line":10,"column":11},"end":{"line":10,"column":12}},"loc":{"start":{"line":10,"column":33},"end":{"line":16,"column":null}},"line":10}},"branchMap":{},"s":{"0":1,"1":0},"f":{"0":0},"b":{},"meta":{"lastBranch":0,"lastFunction":1,"lastStatement":2,"seen":{"s:4:13:17:Infinity":0,"f:10:11:10:12":0,"s:11:4:15:Infinity":1}}}
,"C:\\Users\\ricar\\accountability-backend\\src\\modules\\user\\auth\\schemas\\signin.schema.ts": {"path":"C:\\Users\\ricar\\accountability-backend\\src\\modules\\user\\auth\\schemas\\signin.schema.ts","statementMap":{"0":{"start":{"line":3,"column":28},"end":{"line":19,"column":null}},"1":{"start":{"line":7,"column":16},"end":{"line":7,"column":null}},"2":{"start":{"line":7,"column":45},"end":{"line":7,"column":null}},"3":{"start":{"line":8,"column":16},"end":{"line":8,"column":null}},"4":{"start":{"line":8,"column":49},"end":{"line":8,"column":null}},"5":{"start":{"line":9,"column":16},"end":{"line":9,"column":null}},"6":{"start":{"line":9,"column":51},"end":{"line":9,"column":null}},"7":{"start":{"line":14,"column":16},"end":{"line":14,"column":null}},"8":{"start":{"line":14,"column":45},"end":{"line":14,"column":null}},"9":{"start":{"line":15,"column":16},"end":{"line":15,"column":null}},"10":{"start":{"line":15,"column":49},"end":{"line":15,"column":null}},"11":{"start":{"line":17,"column":36},"end":{"line":17,"column":91}}},"fnMap":{"0":{"name":"(anonymous_0)","decl":{"start":{"line":6,"column":19},"end":{"line":6,"column":20}},"loc":{"start":{"line":6,"column":28},"end":{"line":10,"column":null}},"line":6},"1":{"name":"(anonymous_1)","decl":{"start":{"line":13,"column":19},"end":{"line":13,"column":20}},"loc":{"start":{"line":13,"column":28},"end":{"line":16,"column":null}},"line":13},"2":{"name":"(anonymous_2)","decl":{"start":{"line":17,"column":27},"end":{"line":17,"column":28}},"loc":{"start":{"line":17,"column":36},"end":{"line":17,"column":91}},"line":17}},"branchMap":{"0":{"loc":{"start":{"line":7,"column":16},"end":{"line":7,"column":null}},"type":"if","locations":[{"start":{"line":7,"column":16},"end":{"line":7,"column":null}},{"start":{},"end":{}}],"line":7},"1":{"loc":{"start":{"line":8,"column":16},"end":{"line":8,"column":null}},"type":"if","locations":[{"start":{"line":8,"column":16},"end":{"line":8,"column":null}},{"start":{},"end":{}}],"line":8},"2":{"loc":{"start":{"line":9,"column":16},"end":{"line":9,"column":null}},"type":"if","locations":[{"start":{"line":9,"column":16},"end":{"line":9,"column":null}},{"start":{},"end":{}}],"line":9},"3":{"loc":{"start":{"line":14,"column":16},"end":{"line":14,"column":null}},"type":"if","locations":[{"start":{"line":14,"column":16},"end":{"line":14,"column":null}},{"start":{},"end":{}}],"line":14},"4":{"loc":{"start":{"line":15,"column":16},"end":{"line":15,"column":null}},"type":"if","locations":[{"start":{"line":15,"column":16},"end":{"line":15,"column":null}},{"start":{},"end":{}}],"line":15}},"s":{"0":1,"1":0,"2":0,"3":0,"4":0,"5":0,"6":0,"7":0,"8":0,"9":0,"10":0,"11":0},"f":{"0":0,"1":0,"2":0},"b":{"0":[0,0],"1":[0,0],"2":[0,0],"3":[0,0],"4":[0,0]},"meta":{"lastBranch":5,"lastFunction":3,"lastStatement":12,"seen":{"s:3:28:19:Infinity":0,"f:6:19:6:20":0,"b:7:16:7:Infinity:undefined:undefined:undefined:undefined":0,"s:7:16:7:Infinity":1,"s:7:45:7:Infinity":2,"b:8:16:8:Infinity:undefined:undefined:undefined:undefined":1,"s:8:16:8:Infinity":3,"s:8:49:8:Infinity":4,"b:9:16:9:Infinity:undefined:undefined:undefined:undefined":2,"s:9:16:9:Infinity":5,"s:9:51:9:Infinity":6,"f:13:19:13:20":1,"b:14:16:14:Infinity:undefined:undefined:undefined:undefined":3,"s:14:16:14:Infinity":7,"s:14:45:14:Infinity":8,"b:15:16:15:Infinity:undefined:undefined:undefined:undefined":4,"s:15:16:15:Infinity":9,"s:15:49:15:Infinity":10,"f:17:27:17:28":2,"s:17:36:17:91":11}}}
,"C:\\Users\\ricar\\accountability-backend\\src\\modules\\user\\auth\\schemas\\signup.schema.ts": {"path":"C:\\Users\\ricar\\accountability-backend\\src\\modules\\user\\auth\\schemas\\signup.schema.ts","statementMap":{"0":{"start":{"line":3,"column":28},"end":{"line":19,"column":null}},"1":{"start":{"line":7,"column":16},"end":{"line":7,"column":null}},"2":{"start":{"line":7,"column":45},"end":{"line":7,"column":null}},"3":{"start":{"line":8,"column":16},"end":{"line":8,"column":null}},"4":{"start":{"line":8,"column":49},"end":{"line":8,"column":null}},"5":{"start":{"line":9,"column":16},"end":{"line":9,"column":null}},"6":{"start":{"line":9,"column":51},"end":{"line":9,"column":null}},"7":{"start":{"line":14,"column":16},"end":{"line":14,"column":null}},"8":{"start":{"line":14,"column":45},"end":{"line":14,"column":null}},"9":{"start":{"line":15,"column":16},"end":{"line":15,"column":null}},"10":{"start":{"line":15,"column":49},"end":{"line":15,"column":null}},"11":{"start":{"line":17,"column":36},"end":{"line":17,"column":91}}},"fnMap":{"0":{"name":"(anonymous_0)","decl":{"start":{"line":6,"column":19},"end":{"line":6,"column":20}},"loc":{"start":{"line":6,"column":28},"end":{"line":10,"column":null}},"line":6},"1":{"name":"(anonymous_1)","decl":{"start":{"line":13,"column":19},"end":{"line":13,"column":20}},"loc":{"start":{"line":13,"column":28},"end":{"line":16,"column":null}},"line":13},"2":{"name":"(anonymous_2)","decl":{"start":{"line":17,"column":27},"end":{"line":17,"column":28}},"loc":{"start":{"line":17,"column":36},"end":{"line":17,"column":91}},"line":17}},"branchMap":{"0":{"loc":{"start":{"line":7,"column":16},"end":{"line":7,"column":null}},"type":"if","locations":[{"start":{"line":7,"column":16},"end":{"line":7,"column":null}},{"start":{},"end":{}}],"line":7},"1":{"loc":{"start":{"line":8,"column":16},"end":{"line":8,"column":null}},"type":"if","locations":[{"start":{"line":8,"column":16},"end":{"line":8,"column":null}},{"start":{},"end":{}}],"line":8},"2":{"loc":{"start":{"line":9,"column":16},"end":{"line":9,"column":null}},"type":"if","locations":[{"start":{"line":9,"column":16},"end":{"line":9,"column":null}},{"start":{},"end":{}}],"line":9},"3":{"loc":{"start":{"line":14,"column":16},"end":{"line":14,"column":null}},"type":"if","locations":[{"start":{"line":14,"column":16},"end":{"line":14,"column":null}},{"start":{},"end":{}}],"line":14},"4":{"loc":{"start":{"line":15,"column":16},"end":{"line":15,"column":null}},"type":"if","locations":[{"start":{"line":15,"column":16},"end":{"line":15,"column":null}},{"start":{},"end":{}}],"line":15}},"s":{"0":1,"1":0,"2":0,"3":0,"4":0,"5":0,"6":0,"7":0,"8":0,"9":0,"10":0,"11":0},"f":{"0":0,"1":0,"2":0},"b":{"0":[0,0],"1":[0,0],"2":[0,0],"3":[0,0],"4":[0,0]},"meta":{"lastBranch":5,"lastFunction":3,"lastStatement":12,"seen":{"s:3:28:19:Infinity":0,"f:6:19:6:20":0,"b:7:16:7:Infinity:undefined:undefined:undefined:undefined":0,"s:7:16:7:Infinity":1,"s:7:45:7:Infinity":2,"b:8:16:8:Infinity:undefined:undefined:undefined:undefined":1,"s:8:16:8:Infinity":3,"s:8:49:8:Infinity":4,"b:9:16:9:Infinity:undefined:undefined:undefined:undefined":2,"s:9:16:9:Infinity":5,"s:9:51:9:Infinity":6,"f:13:19:13:20":1,"b:14:16:14:Infinity:undefined:undefined:undefined:undefined":3,"s:14:16:14:Infinity":7,"s:14:45:14:Infinity":8,"b:15:16:15:Infinity:undefined:undefined:undefined:undefined":4,"s:15:16:15:Infinity":9,"s:15:49:15:Infinity":10,"f:17:27:17:28":2,"s:17:36:17:91":11}}}
,"C:\\Users\\ricar\\accountability-backend\\src\\modules\\user\\auth\\services\\signin.service.ts": {"path":"C:\\Users\\ricar\\accountability-backend\\src\\modules\\user\\auth\\services\\signin.service.ts","statementMap":{"0":{"start":{"line":5,"column":26},"end":{"line":8,"column":null}},"1":{"start":{"line":10,"column":2},"end":{"line":11,"column":null}},"2":{"start":{"line":11,"column":4},"end":{"line":11,"column":null}},"3":{"start":{"line":13,"column":2},"end":{"line":13,"column":null}}},"fnMap":{"0":{"name":"signinService","decl":{"start":{"line":4,"column":22},"end":{"line":4,"column":36}},"loc":{"start":{"line":4,"column":69},"end":{"line":14,"column":null}},"line":4}},"branchMap":{"0":{"loc":{"start":{"line":10,"column":2},"end":{"line":11,"column":null}},"type":"if","locations":[{"start":{"line":10,"column":2},"end":{"line":11,"column":null}},{"start":{},"end":{}}],"line":10}},"s":{"0":0,"1":0,"2":0,"3":0},"f":{"0":0},"b":{"0":[0,0]},"meta":{"lastBranch":1,"lastFunction":1,"lastStatement":4,"seen":{"f:4:22:4:36":0,"s:5:26:8:Infinity":0,"b:10:2:11:Infinity:undefined:undefined:undefined:undefined":0,"s:10:2:11:Infinity":1,"s:11:4:11:Infinity":2,"s:13:2:13:Infinity":3}}}
,"C:\\Users\\ricar\\accountability-backend\\src\\modules\\user\\auth\\services\\signup.service.ts": {"path":"C:\\Users\\ricar\\accountability-backend\\src\\modules\\user\\auth\\services\\signup.service.ts","statementMap":{"0":{"start":{"line":5,"column":26},"end":{"line":8,"column":null}},"1":{"start":{"line":10,"column":2},"end":{"line":13,"column":null}},"2":{"start":{"line":11,"column":4},"end":{"line":11,"column":null}},"3":{"start":{"line":12,"column":4},"end":{"line":12,"column":null}},"4":{"start":{"line":15,"column":2},"end":{"line":15,"column":null}},"5":{"start":{"line":15,"column":18},"end":{"line":15,"column":null}},"6":{"start":{"line":17,"column":2},"end":{"line":17,"column":null}}},"fnMap":{"0":{"name":"signupService","decl":{"start":{"line":4,"column":22},"end":{"line":4,"column":36}},"loc":{"start":{"line":4,"column":69},"end":{"line":18,"column":null}},"line":4}},"branchMap":{"0":{"loc":{"start":{"line":10,"column":2},"end":{"line":13,"column":null}},"type":"if","locations":[{"start":{"line":10,"column":2},"end":{"line":13,"column":null}},{"start":{},"end":{}}],"line":10},"1":{"loc":{"start":{"line":15,"column":2},"end":{"line":15,"column":null}},"type":"if","locations":[{"start":{"line":15,"column":2},"end":{"line":15,"column":null}},{"start":{},"end":{}}],"line":15}},"s":{"0":0,"1":0,"2":0,"3":0,"4":0,"5":0,"6":0},"f":{"0":0},"b":{"0":[0,0],"1":[0,0]},"meta":{"lastBranch":2,"lastFunction":1,"lastStatement":7,"seen":{"f:4:22:4:36":0,"s:5:26:8:Infinity":0,"b:10:2:13:Infinity:undefined:undefined:undefined:undefined":0,"s:10:2:13:Infinity":1,"s:11:4:11:Infinity":2,"s:12:4:12:Infinity":3,"b:15:2:15:Infinity:undefined:undefined:undefined:undefined":1,"s:15:2:15:Infinity":4,"s:15:18:15:Infinity":5,"s:17:2:17:Infinity":6}}}
,"C:\\Users\\ricar\\accountability-backend\\src\\shared\\utils\\apiResponse.ts": {"path":"C:\\Users\\ricar\\accountability-backend\\src\\shared\\utils\\apiResponse.ts","statementMap":{"0":{"start":{"line":9,"column":2},"end":{"line":13,"column":null}},"1":{"start":{"line":22,"column":2},"end":{"line":28,"column":null}}},"fnMap":{"0":{"name":"successResponse","decl":{"start":{"line":3,"column":16},"end":{"line":3,"column":null}},"loc":{"start":{"line":8,"column":2},"end":{"line":14,"column":null}},"line":8},"1":{"name":"errorResponse","decl":{"start":{"line":16,"column":16},"end":{"line":16,"column":null}},"loc":{"start":{"line":21,"column":2},"end":{"line":29,"column":null}},"line":21}},"branchMap":{"0":{"loc":{"start":{"line":7,"column":2},"end":{"line":7,"column":null}},"type":"default-arg","locations":[{"start":{"line":7,"column":11},"end":{"line":7,"column":null}}],"line":7},"1":{"loc":{"start":{"line":20,"column":2},"end":{"line":20,"column":null}},"type":"default-arg","locations":[{"start":{"line":20,"column":11},"end":{"line":20,"column":null}}],"line":20}},"s":{"0":0,"1":0},"f":{"0":0,"1":0},"b":{"0":[0],"1":[0]},"meta":{"lastBranch":2,"lastFunction":2,"lastStatement":2,"seen":{"f:3:16:3:Infinity":0,"b:7:11:7:Infinity":0,"s:9:2:13:Infinity":0,"f:16:16:16:Infinity":1,"b:20:11:20:Infinity":1,"s:22:2:28:Infinity":1}}}
}
